

Microchip Technology PIC18 LITE Macro Assembler V1.35 build -356382666 
                                                                                               Tue Jan 23 10:32:22 2018

Microchip Technology Omniscient Code Generator v1.35 (Free mode) build 201507080246
     1                           	processor	18F4331
     2                           	fnconf	rparam,??,?,0
     3                           	opt	pw 120
     4                           	opt	lm
     5                           	psect	cinit,global,reloc=2,class=CODE,delta=1
     6                           	psect	cstackCOMRAM,global,class=COMRAM,space=1,delta=1
     7                           	psect	text0,global,reloc=2,class=CODE,delta=1
     8                           	psect	text1,global,reloc=2,class=CODE,delta=1
     9                           	psect	text2,global,reloc=2,class=CODE,delta=1
    10                           	psect	intsave_regs,global,class=BIGRAM,space=1,delta=1
    11                           	psect	rparam,global,class=COMRAM,space=1,delta=1
    12  0000                     _LATC	set	3979
    13  0000                     _LATCbits	set	3979
    14  0000                     _LATD	set	3980
    15  0000                     _LATDbits	set	3980
    16  0000                     _TRISC	set	3988
    17  0000                     _TRISD	set	3989
    18                           
    19                           ; #config settings
    20                           
    21                           	psect	cinit
    22  001EDA                     __pcinit:
    23                           	opt stack 0
    24  001EDA                     start_initialization:
    25                           	opt stack 0
    26  001EDA                     __initialization:
    27                           	opt stack 0
    28  001EDA                     end_of_initialization:
    29                           	opt stack 0
    30  001EDA                     __end_of__initialization:
    31                           	opt stack 0
    32  001EDA  0100               	movlb	0
    33  001EDC  EF82  F00F         	goto	_main	;jump to C main() function
    34                           
    35                           	psect	cstackCOMRAM
    36  000001                     __pcstackCOMRAM:
    37                           	opt stack 0
    38  000001                     delay@t:
    39                           	opt stack 0
    40  000001                     LEDout@number:
    41                           	opt stack 0
    42                           
    43                           ; 2 bytes @ 0x0
    44  000001                     	ds	2
    45  000003                     ??_delay:
    46  000003                     ??_LEDout:
    47                           
    48                           ; 0 bytes @ 0x2
    49  000003                     	ds	1
    50  000004                     delay@x:
    51                           	opt stack 0
    52                           
    53                           ; 2 bytes @ 0x3
    54  000004                     	ds	2
    55  000006                     main@a:
    56                           	opt stack 0
    57                           
    58                           ; 2 bytes @ 0x5
    59  000006                     	ds	2
    60                           
    61 ;;
    62 ;;Main: autosize = 0, tempsize = 0, incstack = 0, save=0
    63 ;;
    64 ;; *************** function _main *****************
    65 ;; Defined at:
    66 ;;		line 37 in file "lab2_binaryCounter.c"
    67 ;; Parameters:    Size  Location     Type
    68 ;;		None
    69 ;; Auto vars:     Size  Location     Type
    70 ;;  a               2    5[COMRAM] int 
    71 ;; Return value:  Size  Location     Type
    72 ;;		None               void
    73 ;; Registers used:
    74 ;;		wreg, status,2, status,0, cstack
    75 ;; Tracked objects:
    76 ;;		On entry : 0/0
    77 ;;		On exit  : 0/0
    78 ;;		Unchanged: 0/0
    79 ;; Data sizes:     COMRAM   BANK0   BANK1   BANK2
    80 ;;      Params:         0       0       0       0
    81 ;;      Locals:         2       0       0       0
    82 ;;      Temps:          0       0       0       0
    83 ;;      Totals:         2       0       0       0
    84 ;;Total ram usage:        2 bytes
    85 ;; Hardware stack levels required when called:    1
    86 ;; This function calls:
    87 ;;		_LEDout
    88 ;;		_delay
    89 ;; This function is called by:
    90 ;;		Startup code after reset
    91 ;; This function uses a non-reentrant model
    92 ;;
    93                           
    94                           	psect	text0
    95  001F04                     __ptext0:
    96                           	opt stack 0
    97  001F04                     _main:
    98                           	opt stack 30
    99                           
   100                           ;lab2_binaryCounter.c: 39: int a=0;
   101                           
   102                           ;incstack = 0
   103  001F04  0E00               	movlw	0
   104  001F06  6E07               	movwf	main@a+1,c
   105  001F08  0E00               	movlw	0
   106  001F0A  6E06               	movwf	main@a,c
   107                           
   108                           ;lab2_binaryCounter.c: 41: LATC=0;
   109  001F0C  0E00               	movlw	0
   110  001F0E  6E8B               	movwf	3979,c	;volatile
   111                           
   112                           ;lab2_binaryCounter.c: 42: LATD=0;
   113  001F10  0E00               	movlw	0
   114  001F12  6E8C               	movwf	3980,c	;volatile
   115                           
   116                           ;lab2_binaryCounter.c: 43: TRISC=0;
   117  001F14  0E00               	movlw	0
   118  001F16  6E94               	movwf	3988,c	;volatile
   119                           
   120                           ;lab2_binaryCounter.c: 44: TRISD=0;
   121  001F18  0E00               	movlw	0
   122  001F1A  6E95               	movwf	3989,c	;volatile
   123  001F1C                     l656:
   124                           
   125                           ;lab2_binaryCounter.c: 46: a++;
   126  001F1C  4A06               	infsnz	main@a,f,c
   127  001F1E  2A07               	incf	main@a+1,f,c
   128                           
   129                           ;lab2_binaryCounter.c: 47: if (a>255) {a=0;}
   130  001F20  BE07               	btfsc	main@a+1,7,c
   131  001F22  D007               	goto	l662
   132  001F24  0407               	decf	main@a+1,w,c
   133  001F26  A0D8               	btfss	status,0,c
   134  001F28  D004               	goto	l662
   135  001F2A  0E00               	movlw	0
   136  001F2C  6E07               	movwf	main@a+1,c
   137  001F2E  0E00               	movlw	0
   138  001F30  6E06               	movwf	main@a,c
   139  001F32                     l662:
   140                           
   141                           ;lab2_binaryCounter.c: 48: LEDout(a);
   142  001F32  C006  F001         	movff	main@a,LEDout@number
   143  001F36  C007  F002         	movff	main@a+1,LEDout@number+1
   144  001F3A  ECA6  F00F         	call	_LEDout	;wreg free
   145                           
   146                           ;lab2_binaryCounter.c: 50: delay(100);
   147  001F3E  0E00               	movlw	0
   148  001F40  6E02               	movwf	delay@t+1,c
   149  001F42  0E64               	movlw	100
   150  001F44  6E01               	movwf	delay@t,c
   151  001F46  EC70  F00F         	call	_delay	;wreg free
   152  001F4A  D7E8               	goto	l656
   153  001F4C                     __end_of_main:
   154                           	opt stack 0
   155                           status	equ	0xFD8
   156                           
   157 ;; *************** function _delay *****************
   158 ;; Defined at:
   159 ;;		line 6 in file "lab2_binaryCounter.c"
   160 ;; Parameters:    Size  Location     Type
   161 ;;  t               2    0[COMRAM] int 
   162 ;; Auto vars:     Size  Location     Type
   163 ;;  x               2    3[COMRAM] int 
   164 ;; Return value:  Size  Location     Type
   165 ;;		None               void
   166 ;; Registers used:
   167 ;;		wreg, status,2, status,0
   168 ;; Tracked objects:
   169 ;;		On entry : 0/0
   170 ;;		On exit  : 0/0
   171 ;;		Unchanged: 0/0
   172 ;; Data sizes:     COMRAM   BANK0   BANK1   BANK2
   173 ;;      Params:         2       0       0       0
   174 ;;      Locals:         2       0       0       0
   175 ;;      Temps:          1       0       0       0
   176 ;;      Totals:         5       0       0       0
   177 ;;Total ram usage:        5 bytes
   178 ;; Hardware stack levels used:    1
   179 ;; This function calls:
   180 ;;		Nothing
   181 ;; This function is called by:
   182 ;;		_main
   183 ;; This function uses a non-reentrant model
   184 ;;
   185                           
   186                           	psect	text1
   187  001EE0                     __ptext1:
   188                           	opt stack 0
   189  001EE0                     _delay:
   190                           	opt stack 30
   191                           
   192                           ;lab2_binaryCounter.c: 8: int x;
   193                           ;lab2_binaryCounter.c: 9: for(x=0; x<t; x++);
   194                           
   195                           ;incstack = 0
   196  001EE0  0E00               	movlw	0
   197  001EE2  6E05               	movwf	delay@x+1,c
   198  001EE4  0E00               	movlw	0
   199  001EE6  6E04               	movwf	delay@x,c
   200  001EE8  D002               	goto	l650
   201  001EEA                     l648:
   202  001EEA  4A04               	infsnz	delay@x,f,c
   203  001EEC  2A05               	incf	delay@x+1,f,c
   204  001EEE                     l650:
   205  001EEE  5001               	movf	delay@t,w,c
   206  001EF0  5C04               	subwf	delay@x,w,c
   207  001EF2  5005               	movf	delay@x+1,w,c
   208  001EF4  0A80               	xorlw	128
   209  001EF6  6E03               	movwf	??_delay& (0+255),c
   210  001EF8  5002               	movf	delay@t+1,w,c
   211  001EFA  0A80               	xorlw	128
   212  001EFC  5803               	subwfb	??_delay& (0+255),w,c
   213  001EFE  B0D8               	btfsc	status,0,c
   214  001F00  0012               	return	
   215  001F02  D7F3               	goto	l648
   216  001F04                     __end_of_delay:
   217                           	opt stack 0
   218                           status	equ	0xFD8
   219                           
   220 ;; *************** function _LEDout *****************
   221 ;; Defined at:
   222 ;;		line 19 in file "lab2_binaryCounter.c"
   223 ;; Parameters:    Size  Location     Type
   224 ;;  number          2    0[COMRAM] int 
   225 ;; Auto vars:     Size  Location     Type
   226 ;;		None
   227 ;; Return value:  Size  Location     Type
   228 ;;		None               void
   229 ;; Registers used:
   230 ;;		wreg, status,2, status,0
   231 ;; Tracked objects:
   232 ;;		On entry : 0/0
   233 ;;		On exit  : 0/0
   234 ;;		Unchanged: 0/0
   235 ;; Data sizes:     COMRAM   BANK0   BANK1   BANK2
   236 ;;      Params:         2       0       0       0
   237 ;;      Locals:         0       0       0       0
   238 ;;      Temps:          1       0       0       0
   239 ;;      Totals:         3       0       0       0
   240 ;;Total ram usage:        3 bytes
   241 ;; Hardware stack levels used:    1
   242 ;; This function calls:
   243 ;;		Nothing
   244 ;; This function is called by:
   245 ;;		_main
   246 ;; This function uses a non-reentrant model
   247 ;;
   248                           
   249                           	psect	text2
   250  001F4C                     __ptext2:
   251                           	opt stack 0
   252  001F4C                     _LEDout:
   253                           	opt stack 30
   254                           
   255                           ;lab2_binaryCounter.c: 21: LATDbits.LATD6 = number & 0b00000001;
   256                           
   257                           ;incstack = 0
   258  001F4C  C001  F003         	movff	LEDout@number,??_LEDout
   259  001F50  0E01               	movlw	1
   260  001F52  1603               	andwf	??_LEDout,f,c
   261  001F54  3A03               	swapf	??_LEDout,f,c
   262  001F56  4603               	rlncf	??_LEDout,f,c
   263  001F58  4603               	rlncf	??_LEDout,f,c
   264  001F5A  508C               	movf	3980,w,c	;volatile
   265  001F5C  1803               	xorwf	??_LEDout,w,c
   266  001F5E  0BBF               	andlw	-65
   267  001F60  1803               	xorwf	??_LEDout,w,c
   268  001F62  6E8C               	movwf	3980,c	;volatile
   269                           
   270                           ;lab2_binaryCounter.c: 22: LATDbits.LATD5 = number & 0b00000010;
   271  001F64  C001  F003         	movff	LEDout@number,??_LEDout
   272  001F68  0E02               	movlw	2
   273  001F6A  1603               	andwf	??_LEDout,f,c
   274  001F6C  3A03               	swapf	??_LEDout,f,c
   275  001F6E  4603               	rlncf	??_LEDout,f,c
   276  001F70  508C               	movf	3980,w,c	;volatile
   277  001F72  1803               	xorwf	??_LEDout,w,c
   278  001F74  0BDF               	andlw	-33
   279  001F76  1803               	xorwf	??_LEDout,w,c
   280  001F78  6E8C               	movwf	3980,c	;volatile
   281                           
   282                           ;lab2_binaryCounter.c: 23: LATDbits.LATD4 = number & 0b00000100;
   283  001F7A  C001  F003         	movff	LEDout@number,??_LEDout
   284  001F7E  0E04               	movlw	4
   285  001F80  1603               	andwf	??_LEDout,f,c
   286  001F82  3A03               	swapf	??_LEDout,f,c
   287  001F84  508C               	movf	3980,w,c	;volatile
   288  001F86  1803               	xorwf	??_LEDout,w,c
   289  001F88  0BEF               	andlw	-17
   290  001F8A  1803               	xorwf	??_LEDout,w,c
   291  001F8C  6E8C               	movwf	3980,c	;volatile
   292                           
   293                           ;lab2_binaryCounter.c: 24: LATCbits.LATC7 = number & 0b00001000;
   294  001F8E  C001  F003         	movff	LEDout@number,??_LEDout
   295  001F92  0E08               	movlw	8
   296  001F94  1603               	andwf	??_LEDout,f,c
   297  001F96  3203               	rrcf	??_LEDout,f,c
   298  001F98  3203               	rrcf	??_LEDout,f,c
   299  001F9A  508B               	movf	3979,w,c	;volatile
   300  001F9C  1803               	xorwf	??_LEDout,w,c
   301  001F9E  0B7F               	andlw	-129
   302  001FA0  1803               	xorwf	??_LEDout,w,c
   303  001FA2  6E8B               	movwf	3979,c	;volatile
   304                           
   305                           ;lab2_binaryCounter.c: 25: LATCbits.LATC6 = number & 0b00010000;
   306  001FA4  C001  F003         	movff	LEDout@number,??_LEDout
   307  001FA8  0E10               	movlw	16
   308  001FAA  1603               	andwf	??_LEDout,f,c
   309  001FAC  3A03               	swapf	??_LEDout,f,c
   310  001FAE  4603               	rlncf	??_LEDout,f,c
   311  001FB0  4603               	rlncf	??_LEDout,f,c
   312  001FB2  508B               	movf	3979,w,c	;volatile
   313  001FB4  1803               	xorwf	??_LEDout,w,c
   314  001FB6  0BBF               	andlw	-65
   315  001FB8  1803               	xorwf	??_LEDout,w,c
   316  001FBA  6E8B               	movwf	3979,c	;volatile
   317                           
   318                           ;lab2_binaryCounter.c: 26: LATCbits.LATC5 = number & 0b00100000;
   319  001FBC  C001  F003         	movff	LEDout@number,??_LEDout
   320  001FC0  0E20               	movlw	32
   321  001FC2  1603               	andwf	??_LEDout,f,c
   322  001FC4  3A03               	swapf	??_LEDout,f,c
   323  001FC6  4603               	rlncf	??_LEDout,f,c
   324  001FC8  508B               	movf	3979,w,c	;volatile
   325  001FCA  1803               	xorwf	??_LEDout,w,c
   326  001FCC  0BDF               	andlw	-33
   327  001FCE  1803               	xorwf	??_LEDout,w,c
   328  001FD0  6E8B               	movwf	3979,c	;volatile
   329                           
   330                           ;lab2_binaryCounter.c: 27: LATCbits.LATC4 = number & 0b01000000;
   331  001FD2  C001  F003         	movff	LEDout@number,??_LEDout
   332  001FD6  0E40               	movlw	64
   333  001FD8  1603               	andwf	??_LEDout,f,c
   334  001FDA  3A03               	swapf	??_LEDout,f,c
   335  001FDC  508B               	movf	3979,w,c	;volatile
   336  001FDE  1803               	xorwf	??_LEDout,w,c
   337  001FE0  0BEF               	andlw	-17
   338  001FE2  1803               	xorwf	??_LEDout,w,c
   339  001FE4  6E8B               	movwf	3979,c	;volatile
   340                           
   341                           ;lab2_binaryCounter.c: 28: LATDbits.LATD3 = number & 0b10000000;
   342  001FE6  C001  F003         	movff	LEDout@number,??_LEDout
   343  001FEA  0E80               	movlw	128
   344  001FEC  1603               	andwf	??_LEDout,f,c
   345  001FEE  4603               	rlncf	??_LEDout,f,c
   346  001FF0  4603               	rlncf	??_LEDout,f,c
   347  001FF2  4603               	rlncf	??_LEDout,f,c
   348  001FF4  508C               	movf	3980,w,c	;volatile
   349  001FF6  1803               	xorwf	??_LEDout,w,c
   350  001FF8  0BF7               	andlw	-9
   351  001FFA  1803               	xorwf	??_LEDout,w,c
   352  001FFC  6E8C               	movwf	3980,c	;volatile
   353  001FFE  0012               	return		;funcret
   354  002000                     __end_of_LEDout:
   355                           	opt stack 0
   356  0000                     status	equ	0xFD8
   357                           status	equ	0xFD8
   358                           
   359                           	psect	rparam
   360  0000                     status	equ	0xFD8


Data Sizes:
    Strings     0
    Constant    0
    Data        0
    BSS         0
    Persistent  0
    Stack       0

Auto Spaces:
    Space          Size  Autos    Used
    COMRAM           95      7       7
    BANK0           160      0       0
    BANK1           256      0       0
    BANK2           256      0       0

Pointer List with Targets:

    None.

Critical Paths under _main in COMRAM

    _main->_delay

Critical Paths under _main in BANK0

    None.

Critical Paths under _main in BANK1

    None.

Critical Paths under _main in BANK2

    None.

Call Graph Tables:

 ---------------------------------------------------------------------------------
 (Depth) Function   	        Calls       Base Space   Used Autos Params    Refs
 ---------------------------------------------------------------------------------
 (0) _main                                                 2     2      0     355
                                              5 COMRAM     2     2      0
                             _LEDout
                              _delay
 ---------------------------------------------------------------------------------
 (1) _delay                                                5     3      2      89
                                              0 COMRAM     5     3      2
 ---------------------------------------------------------------------------------
 (1) _LEDout                                               3     1      2     219
                                              0 COMRAM     3     1      2
 ---------------------------------------------------------------------------------
 Estimated maximum stack depth 1
 ---------------------------------------------------------------------------------

 Call Graph Graphs:

 _main (ROOT)
   _LEDout
   _delay

 Address spaces:
Name               Size   Autos  Total    Cost      Usage
BITCOMRAM           5F      0       0       0        0.0%
EEDATA             100      0       0       0        0.0%
NULL                 0      0       0       0        0.0%
CODE                 0      0       0       0        0.0%
COMRAM              5F      7       7       1        7.4%
STACK                0      0       0       2        0.0%
ABS                  0      0       0       3        0.0%
BITBANK0            A0      0       0       4        0.0%
BANK0               A0      0       0       5        0.0%
BITBANK1           100      0       0       6        0.0%
BANK1              100      0       0       7        0.0%
BITBANK2           100      0       0       8        0.0%
BANK2              100      0       0       9        0.0%
BIGRAM             2FF      0       0      10        0.0%
DATA                 0      0       0      11        0.0%
BITSFR               0      0       0      40        0.0%
SFR                  0      0       0      40        0.0%


Microchip Technology PIC18 Macro Assembler V1.35 build -356382666 
Symbol Table                                                                                   Tue Jan 23 10:32:22 2018

                    l650 1EEE                      l662 1F32                      l648 1EEA  
                    l656 1F1C                     _LATC 000F8B                     _LATD 000F8C  
                   _main 1F04                     start 0000             ___param_bank 000010  
                  ?_main 0001                    _TRISC 000F94                    _TRISD 000F95  
                  _delay 1EE0                    main@a 0006                    status 000FD8  
        __initialization 1EDA             __end_of_main 1F4C                   ??_main 0006  
          __activetblptr 000000                   ?_delay 0001                   _LEDout 1F4C  
                 delay@t 0001                   delay@x 0004               __accesstop 0060  
__end_of__initialization 1EDA            ___rparam_used 000001           __pcstackCOMRAM 0001  
          __end_of_delay 1F04                  ??_delay 0003                  ?_LEDout 0001  
        __size_of_LEDout 00B4                  __Hparam 0000                  __Lparam 0000  
                __pcinit 1EDA                  __ramtop 0300                  __ptext0 1F04  
                __ptext1 1EE0                  __ptext2 1F4C     end_of_initialization 1EDA  
           LEDout@number 0001           __end_of_LEDout 2000      start_initialization 1EDA  
               ??_LEDout 0003           __size_of_delay 0024                 _LATCbits 000F8B  
               _LATDbits 000F8C                 __Hrparam 0000                 __Lrparam 0000  
          __size_of_main 0048  
