

Microchip Technology PIC18 LITE Macro Assembler V1.35 build -356382666 
                                                                                               Tue Feb 06 09:47:03 2018

Microchip Technology Omniscient Code Generator v1.35 (Free mode) build 201507080246
     1                           	processor	18F4431
     2                           	fnconf	rparam,??,?,0
     3                           	opt	pw 120
     4                           	opt	lm
     5                           	psect	idataCOMRAM,global,class=CODE,delta=1
     6                           	psect	cinit,global,reloc=2,class=CODE,delta=1
     7                           	psect	bssCOMRAM,global,class=COMRAM,space=1,delta=1
     8                           	psect	dataCOMRAM,global,class=COMRAM,space=1,delta=1
     9                           	psect	cstackCOMRAM,global,class=COMRAM,space=1,delta=1
    10                           	psect	text0,global,reloc=2,class=CODE,delta=1
    11                           	psect	intcode,global,reloc=2,class=CODE,delta=1
    12                           	psect	text2,global,reloc=2,class=CODE,delta=1
    13                           	psect	text3,global,reloc=2,class=CODE,delta=1
    14                           	psect	intsave_regs,global,class=BIGRAM,space=1,delta=1
    15                           	psect	rparam,global,class=COMRAM,space=1,delta=1
    16                           	psect	temp,global,ovrld,common,class=COMRAM,space=1,delta=1
    17  0000                     
    18                           	psect	idataCOMRAM
    19  00030A                     __pidataCOMRAM:
    20                           	opt stack 0
    21                           
    22                           ;initializer for _totalDayLength
    23  00030A  0078               	dw	120
    24  0000                     _ADCON0	set	4034
    25  0000                     _ADCON0bits	set	4034
    26  0000                     _ADCON1	set	4033
    27  0000                     _ADCON2	set	4032
    28  0000                     _ADRESH	set	4036
    29  0000                     _ADRESL	set	4035
    30  0000                     _ANSEL0	set	4024
    31  0000                     _ANSEL1	set	4025
    32  0000                     _INTCON2bits	set	4081
    33  0000                     _INTCONbits	set	4082
    34  0000                     _LATC	set	3979
    35  0000                     _LATD	set	3980
    36  0000                     _OSCCON	set	4051
    37  0000                     _OSCCONbits	set	4051
    38  0000                     _T0CONbits	set	4053
    39  0000                     _TRISA	set	3986
    40  0000                     _TRISC	set	3988
    41  0000                     _TRISD	set	3989
    42                           
    43                           ; #config settings
    44  0000                     
    45                           	psect	cinit
    46  0002DC                     __pcinit:
    47                           	opt stack 0
    48  0002DC                     start_initialization:
    49                           	opt stack 0
    50  0002DC                     __initialization:
    51                           	opt stack 0
    52                           
    53                           ; Clear objects allocated to COMRAM (12 bytes)
    54  0002DC  EE00  F01A         	lfsr	0,__pbssCOMRAM
    55  0002E0  0E0C               	movlw	12
    56  0002E2                     clear_0:
    57  0002E2  6AEE               	clrf	postinc0,c
    58  0002E4  06E8               	decf	wreg,f,c
    59  0002E6  E1FD               	bnz	clear_0
    60                           
    61                           ; Initialize objects allocated to COMRAM (2 bytes)
    62                           ; load TBLPTR registers with __pidataCOMRAM
    63  0002E8  0E0A               	movlw	low __pidataCOMRAM
    64  0002EA  6EF6               	movwf	tblptrl,c
    65  0002EC  0E03               	movlw	high __pidataCOMRAM
    66  0002EE  6EF7               	movwf	tblptrh,c
    67  0002F0  0E00               	movlw	low (__pidataCOMRAM shr (0+16))
    68  0002F2  6EF8               	movwf	tblptru,c
    69  0002F4  0009               	tblrd		*+	;fetch initializer
    70  0002F6  CFF5 F026          	movff	tablat,__pdataCOMRAM
    71  0002FA  0009               	tblrd		*+	;fetch initializer
    72  0002FC  CFF5 F027          	movff	tablat,__pdataCOMRAM+1
    73  000300                     end_of_initialization:
    74                           	opt stack 0
    75  000300                     __end_of__initialization:
    76                           	opt stack 0
    77  000300  9028               	bcf	int$flags,0,c	;clear compiler interrupt flag (level 1)
    78  000302  9228               	bcf	int$flags,1,c	;clear compiler interrupt flag (level 2)
    79  000304  0100               	movlb	0
    80  000306  EF4A  F001         	goto	_main	;jump to C main() function
    81                           tblptru	equ	0xFF8
    82                           tblptrh	equ	0xFF7
    83                           tblptrl	equ	0xFF6
    84                           tablat	equ	0xFF5
    85                           postinc0	equ	0xFEE
    86                           wreg	equ	0xFE8
    87                           
    88                           	psect	bssCOMRAM
    89  00001A                     __pbssCOMRAM:
    90                           	opt stack 0
    91  00001A                     _ADResult:
    92                           	opt stack 0
    93  00001A                     	ds	2
    94  00001C                     _ADResultOld:
    95                           	opt stack 0
    96  00001C                     	ds	2
    97  00001E                     _counter:
    98                           	opt stack 0
    99  00001E                     	ds	2
   100  000020                     _dayCounter:
   101                           	opt stack 0
   102  000020                     	ds	2
   103  000022                     _midnight:
   104                           	opt stack 0
   105  000022                     	ds	2
   106  000024                     _nightLength:
   107                           	opt stack 0
   108  000024                     	ds	2
   109                           tblptru	equ	0xFF8
   110                           tblptrh	equ	0xFF7
   111                           tblptrl	equ	0xFF6
   112                           tablat	equ	0xFF5
   113                           postinc0	equ	0xFEE
   114                           wreg	equ	0xFE8
   115                           
   116                           	psect	dataCOMRAM
   117  000026                     __pdataCOMRAM:
   118                           	opt stack 0
   119  000026                     _totalDayLength:
   120                           	opt stack 0
   121  000026                     	ds	2
   122                           tblptru	equ	0xFF8
   123                           tblptrh	equ	0xFF7
   124                           tblptrl	equ	0xFF6
   125                           tablat	equ	0xFF5
   126                           postinc0	equ	0xFEE
   127                           wreg	equ	0xFE8
   128                           
   129                           	psect	cstackCOMRAM
   130  000001                     __pcstackCOMRAM:
   131                           	opt stack 0
   132  000001                     ?___awdiv:
   133                           	opt stack 0
   134  000001                     LEDout10@number:
   135                           	opt stack 0
   136  000001                     ___awdiv@dividend:
   137                           	opt stack 0
   138                           
   139                           ; 2 bytes @ 0x0
   140  000001                     	ds	2
   141  000003                     ??_LEDout10:
   142  000003                     ___awdiv@divisor:
   143                           	opt stack 0
   144                           
   145                           ; 2 bytes @ 0x2
   146  000003                     	ds	2
   147  000005                     ___awdiv@counter:
   148                           	opt stack 0
   149                           
   150                           ; 1 bytes @ 0x4
   151  000005                     	ds	1
   152  000006                     ___awdiv@sign:
   153                           	opt stack 0
   154                           
   155                           ; 1 bytes @ 0x5
   156  000006                     	ds	1
   157  000007                     ___awdiv@quotient:
   158                           	opt stack 0
   159                           
   160                           ; 2 bytes @ 0x6
   161  000007                     	ds	2
   162  000009                     ??_InterruptHandlerHigh:
   163                           
   164                           ; 0 bytes @ 0x8
   165  000009                     	ds	17
   166  00001A                     tblptru	equ	0xFF8
   167                           tblptrh	equ	0xFF7
   168                           tblptrl	equ	0xFF6
   169                           tablat	equ	0xFF5
   170                           postinc0	equ	0xFEE
   171                           wreg	equ	0xFE8
   172                           
   173                           ; 0 bytes @ 0x19
   174 ;;
   175 ;;Main: autosize = 0, tempsize = 0, incstack = 0, save=0
   176 ;;
   177 ;; *************** function _main *****************
   178 ;; Defined at:
   179 ;;		line 75 in file "miniProj2.c"
   180 ;; Parameters:    Size  Location     Type
   181 ;;		None
   182 ;; Auto vars:     Size  Location     Type
   183 ;;		None
   184 ;; Return value:  Size  Location     Type
   185 ;;		None               void
   186 ;; Registers used:
   187 ;;		wreg, status,2
   188 ;; Tracked objects:
   189 ;;		On entry : 0/0
   190 ;;		On exit  : 0/0
   191 ;;		Unchanged: 0/0
   192 ;; Data sizes:     COMRAM   BANK0   BANK1   BANK2
   193 ;;      Params:         0       0       0       0
   194 ;;      Locals:         0       0       0       0
   195 ;;      Temps:          0       0       0       0
   196 ;;      Totals:         0       0       0       0
   197 ;;Total ram usage:        0 bytes
   198 ;; Hardware stack levels required when called:    2
   199 ;; This function calls:
   200 ;;		Nothing
   201 ;; This function is called by:
   202 ;;		Startup code after reset
   203 ;; This function uses a non-reentrant model
   204 ;;
   205                           
   206                           	psect	text0
   207  000294                     __ptext0:
   208                           	opt stack 0
   209  000294                     _main:
   210                           	opt stack 29
   211                           
   212                           ;miniProj2.c: 76: OSCCON = 0x72;
   213                           
   214                           ;incstack = 0
   215  000294  0E72               	movlw	114
   216  000296  6ED3               	movwf	4051,c	;volatile
   217  000298                     l74:
   218  000298  A4D3               	btfss	4051,2,c	;volatile
   219  00029A  D7FE               	goto	l74
   220                           
   221                           ;miniProj2.c: 80: LATC = 0;
   222  00029C  0E00               	movlw	0
   223  00029E  6E8B               	movwf	3979,c	;volatile
   224                           
   225                           ;miniProj2.c: 81: LATD = 0;
   226  0002A0  0E00               	movlw	0
   227  0002A2  6E8C               	movwf	3980,c	;volatile
   228                           
   229                           ;miniProj2.c: 82: TRISA = 0b00001000;
   230  0002A4  0E08               	movlw	8
   231  0002A6  6E92               	movwf	3986,c	;volatile
   232                           
   233                           ;miniProj2.c: 83: TRISD = 0;
   234  0002A8  0E00               	movlw	0
   235  0002AA  6E95               	movwf	3989,c	;volatile
   236                           
   237                           ;miniProj2.c: 84: TRISC = 0b00001000;
   238  0002AC  0E08               	movlw	8
   239  0002AE  6E94               	movwf	3988,c	;volatile
   240                           
   241                           ;miniProj2.c: 86: ANSEL0 = 0b00001000;
   242  0002B0  0E08               	movlw	8
   243  0002B2  6EB8               	movwf	4024,c	;volatile
   244                           
   245                           ;miniProj2.c: 87: ANSEL1 = 0;
   246  0002B4  0E00               	movlw	0
   247  0002B6  6EB9               	movwf	4025,c	;volatile
   248                           
   249                           ;miniProj2.c: 90: ADCON0 = 0b00001101;
   250  0002B8  0E0D               	movlw	13
   251  0002BA  6EC2               	movwf	4034,c	;volatile
   252                           
   253                           ;miniProj2.c: 91: ADCON1 = 0b00000000;
   254  0002BC  0E00               	movlw	0
   255  0002BE  6EC1               	movwf	4033,c	;volatile
   256                           
   257                           ;miniProj2.c: 92: ADCON2 = 0b10101011;
   258  0002C0  0EAB               	movlw	171
   259  0002C2  6EC0               	movwf	4032,c	;volatile
   260                           
   261                           ;miniProj2.c: 96: T0CONbits.TMR0ON = 1;
   262  0002C4  8ED5               	bsf	4053,7,c	;volatile
   263                           
   264                           ;miniProj2.c: 97: T0CONbits.T016BIT = 0;
   265  0002C6  9CD5               	bcf	4053,6,c	;volatile
   266                           
   267                           ;miniProj2.c: 98: T0CONbits.T0CS = 0;
   268  0002C8  9AD5               	bcf	4053,5,c	;volatile
   269                           
   270                           ;miniProj2.c: 99: T0CONbits.PSA = 0;
   271  0002CA  96D5               	bcf	4053,3,c	;volatile
   272                           
   273                           ;miniProj2.c: 100: T0CONbits.T0PS = 0b101;
   274  0002CC  50D5               	movf	4053,w,c	;volatile
   275  0002CE  0BF8               	andlw	-8
   276  0002D0  0905               	iorlw	5
   277  0002D2  6ED5               	movwf	4053,c	;volatile
   278                           
   279                           ;miniProj2.c: 104: INTCONbits.GIEH = 1;
   280  0002D4  8EF2               	bsf	intcon,7,c	;volatile
   281                           
   282                           ;miniProj2.c: 107: INTCONbits.TMR0IE = 1;
   283  0002D6  8AF2               	bsf	intcon,5,c	;volatile
   284                           
   285                           ;miniProj2.c: 108: INTCON2bits.TMR0IP = 1;
   286  0002D8  84F1               	bsf	intcon2,2,c	;volatile
   287  0002DA  D7FF               	goto	l78
   288  0002DC                     __end_of_main:
   289                           	opt stack 0
   290                           tblptru	equ	0xFF8
   291                           tblptrh	equ	0xFF7
   292                           tblptrl	equ	0xFF6
   293                           tablat	equ	0xFF5
   294                           intcon	equ	0xFF2
   295                           intcon2	equ	0xFF1
   296                           postinc0	equ	0xFEE
   297                           wreg	equ	0xFE8
   298                           
   299 ;; *************** function _InterruptHandlerHigh *****************
   300 ;; Defined at:
   301 ;;		line 28 in file "miniProj2.c"
   302 ;; Parameters:    Size  Location     Type
   303 ;;		None
   304 ;; Auto vars:     Size  Location     Type
   305 ;;		None
   306 ;; Return value:  Size  Location     Type
   307 ;;		None               void
   308 ;; Registers used:
   309 ;;		wreg, status,2, status,0, cstack
   310 ;; Tracked objects:
   311 ;;		On entry : 0/0
   312 ;;		On exit  : 0/0
   313 ;;		Unchanged: 0/0
   314 ;; Data sizes:     COMRAM   BANK0   BANK1   BANK2
   315 ;;      Params:         0       0       0       0
   316 ;;      Locals:         0       0       0       0
   317 ;;      Temps:         17       0       0       0
   318 ;;      Totals:        17       0       0       0
   319 ;;Total ram usage:       17 bytes
   320 ;; Hardware stack levels used:    1
   321 ;; Hardware stack levels required when called:    1
   322 ;; This function calls:
   323 ;;		_LEDout10
   324 ;;		___awdiv
   325 ;; This function is called by:
   326 ;;		Interrupt level 2
   327 ;; This function uses a non-reentrant model
   328 ;;
   329                           
   330                           	psect	intcode
   331  000008                     __pintcode:
   332                           	opt stack 0
   333  000008                     _InterruptHandlerHigh:
   334                           	opt stack 29
   335                           
   336                           ;incstack = 0
   337  000008  8228               	bsf	btemp,1,c	;set compiler interrupt flag (level 2)
   338  00000A  CFFA F00C          	movff	pclath,??_InterruptHandlerHigh+3
   339  00000E  CFFB F00D          	movff	pclatu,??_InterruptHandlerHigh+4
   340  000012  CFE9 F00E          	movff	fsr0l,??_InterruptHandlerHigh+5
   341  000016  CFEA F00F          	movff	fsr0h,??_InterruptHandlerHigh+6
   342  00001A  CFE1 F010          	movff	fsr1l,??_InterruptHandlerHigh+7
   343  00001E  CFE2 F011          	movff	fsr1h,??_InterruptHandlerHigh+8
   344  000022  CFD9 F012          	movff	fsr2l,??_InterruptHandlerHigh+9
   345  000026  CFDA F013          	movff	fsr2h,??_InterruptHandlerHigh+10
   346  00002A  CFF3 F014          	movff	prodl,??_InterruptHandlerHigh+11
   347  00002E  CFF4 F015          	movff	prodh,??_InterruptHandlerHigh+12
   348  000032  CFF6 F016          	movff	tblptrl,??_InterruptHandlerHigh+13
   349  000036  CFF7 F017          	movff	tblptrh,??_InterruptHandlerHigh+14
   350  00003A  CFF8 F018          	movff	tblptru,??_InterruptHandlerHigh+15
   351  00003E  CFF5 F019          	movff	tablat,??_InterruptHandlerHigh+16
   352                           
   353                           ;miniProj2.c: 30: if (INTCONbits.TMR0IF) {
   354  000042  A4F2               	btfss	intcon,2,c	;volatile
   355  000044  D09B               	goto	i2l71
   356                           
   357                           ;miniProj2.c: 32: ADCON0bits.GO = 1;
   358  000046  82C2               	bsf	4034,1,c	;volatile
   359  000048                     i2l60:
   360  000048  B2C2               	btfsc	4034,1,c	;volatile
   361  00004A  D7FE               	goto	i2l60
   362                           
   363                           ;miniProj2.c: 36: ADResult = ADRESL;
   364  00004C  CFC3 F01A          	movff	4035,_ADResult	;volatile
   365  000050  6A1B               	clrf	_ADResult+1,c
   366                           
   367                           ;miniProj2.c: 37: ADResult += ((unsigned int) ADRESH << 8);
   368  000052  50C4               	movf	4036,w,c	;volatile
   369  000054  261B               	addwf	_ADResult+1,f,c
   370                           
   371                           ;miniProj2.c: 40: if ((ADResult<800)&(ADResult>600)){
   372  000056  BE1B               	btfsc	_ADResult+1,7,c
   373  000058  D006               	goto	i2l846
   374  00005A  0E20               	movlw	32
   375  00005C  5C1A               	subwf	_ADResult,w,c
   376  00005E  0E03               	movlw	3
   377  000060  581B               	subwfb	_ADResult+1,w,c
   378  000062  B0D8               	btfsc	status,0,c
   379  000064  D045               	goto	i2l864
   380  000066                     i2l846:
   381  000066  BE1B               	btfsc	_ADResult+1,7,c
   382  000068  D043               	goto	i2l864
   383  00006A  0E59               	movlw	89
   384  00006C  5C1A               	subwf	_ADResult,w,c
   385  00006E  0E02               	movlw	2
   386  000070  581B               	subwfb	_ADResult+1,w,c
   387  000072  A0D8               	btfss	status,0,c
   388  000074  D03D               	goto	i2l864
   389                           
   390                           ;miniProj2.c: 41: if(ADResultOld>ADResult){
   391  000076  501C               	movf	_ADResultOld,w,c
   392  000078  5C1A               	subwf	_ADResult,w,c
   393  00007A  501B               	movf	_ADResult+1,w,c
   394  00007C  0A80               	xorlw	128
   395  00007E  6E09               	movwf	??_InterruptHandlerHigh& (0+255),c
   396  000080  501D               	movf	_ADResultOld+1,w,c
   397  000082  0A80               	xorlw	128
   398  000084  5809               	subwfb	??_InterruptHandlerHigh& (0+255),w,c
   399  000086  B0D8               	btfsc	status,0,c
   400  000088  D00D               	goto	i2l856
   401                           
   402                           ;miniProj2.c: 42: counter = 0;
   403  00008A  0E00               	movlw	0
   404  00008C  6E1F               	movwf	_counter+1,c
   405  00008E  0E00               	movlw	0
   406  000090  6E1E               	movwf	_counter,c
   407                           
   408                           ;miniProj2.c: 43: dayCounter++;
   409  000092  4A20               	infsnz	_dayCounter,f,c
   410  000094  2A21               	incf	_dayCounter+1,f,c
   411                           
   412                           ;miniProj2.c: 44: LEDout10(0);
   413  000096  0E00               	movlw	0
   414  000098  6E02               	movwf	LEDout10@number+1,c
   415  00009A  0E00               	movlw	0
   416  00009C  6E01               	movwf	LEDout10@number,c
   417  00009E  EC20  F001         	call	_LEDout10	;wreg free
   418                           
   419                           ;miniProj2.c: 45: }
   420  0000A2  D067               	goto	i2l882
   421  0000A4                     i2l856:
   422                           
   423                           ;miniProj2.c: 46: else{
   424                           ;miniProj2.c: 47: nightLength = (totalDayLength-counter);
   425  0000A4  C01E  F009         	movff	_counter,??_InterruptHandlerHigh
   426  0000A8  C01F  F00A         	movff	_counter+1,??_InterruptHandlerHigh+1
   427  0000AC  1E09               	comf	??_InterruptHandlerHigh,f,c
   428  0000AE  1E0A               	comf	??_InterruptHandlerHigh+1,f,c
   429  0000B0  4A09               	infsnz	??_InterruptHandlerHigh,f,c
   430  0000B2  2A0A               	incf	??_InterruptHandlerHigh+1,f,c
   431  0000B4  5026               	movf	_totalDayLength,w,c
   432  0000B6  2409               	addwf	??_InterruptHandlerHigh,w,c
   433  0000B8  6E24               	movwf	_nightLength,c
   434  0000BA  5027               	movf	_totalDayLength+1,w,c
   435  0000BC  200A               	addwfc	??_InterruptHandlerHigh+1,w,c
   436  0000BE  6E25               	movwf	_nightLength+1,c
   437                           
   438                           ;miniProj2.c: 48: counter = 0;
   439  0000C0  0E00               	movlw	0
   440  0000C2  6E1F               	movwf	_counter+1,c
   441  0000C4  0E00               	movlw	0
   442  0000C6  6E1E               	movwf	_counter,c
   443                           
   444                           ;miniProj2.c: 49: midnight = nightLength/2;
   445  0000C8  C024  F001         	movff	_nightLength,___awdiv@dividend
   446  0000CC  C025  F002         	movff	_nightLength+1,___awdiv@dividend+1
   447  0000D0  0E00               	movlw	0
   448  0000D2  6E04               	movwf	___awdiv@divisor+1,c
   449  0000D4  0E02               	movlw	2
   450  0000D6  6E03               	movwf	___awdiv@divisor,c
   451  0000D8  ECDE  F000         	call	___awdiv	;wreg free
   452  0000DC  C001  F022         	movff	?___awdiv,_midnight
   453  0000E0  C002  F023         	movff	?___awdiv+1,_midnight+1
   454                           
   455                           ;miniProj2.c: 50: LEDout10(0b1111111111);
   456  0000E4  0E03               	movlw	3
   457  0000E6  6E02               	movwf	LEDout10@number+1,c
   458  0000E8  6801               	setf	LEDout10@number,c
   459  0000EA  EC20  F001         	call	_LEDout10	;wreg free
   460                           
   461                           ;miniProj2.c: 51: }
   462                           ;miniProj2.c: 52: } else if (ADResult <601){
   463  0000EE  D041               	goto	i2l882
   464  0000F0                     i2l864:
   465  0000F0  BE1B               	btfsc	_ADResult+1,7,c
   466  0000F2  D006               	goto	i2l866
   467  0000F4  0E59               	movlw	89
   468  0000F6  5C1A               	subwf	_ADResult,w,c
   469  0000F8  0E02               	movlw	2
   470  0000FA  581B               	subwfb	_ADResult+1,w,c
   471  0000FC  B0D8               	btfsc	status,0,c
   472  0000FE  D009               	goto	i2l870
   473  000100                     i2l866:
   474                           
   475                           ;miniProj2.c: 53: counter++;
   476  000100  4A1E               	infsnz	_counter,f,c
   477  000102  2A1F               	incf	_counter+1,f,c
   478                           
   479                           ;miniProj2.c: 54: LEDout10(0);
   480  000104  0E00               	movlw	0
   481  000106  6E02               	movwf	LEDout10@number+1,c
   482  000108  0E00               	movlw	0
   483  00010A  6E01               	movwf	LEDout10@number,c
   484  00010C  EC20  F001         	call	_LEDout10	;wreg free
   485                           
   486                           ;miniProj2.c: 55: } else{
   487  000110  D030               	goto	i2l882
   488  000112                     i2l870:
   489                           
   490                           ;miniProj2.c: 56: if((counter>(midnight+4))&(counter<(midnight+26))){
   491  000112  0E04               	movlw	4
   492  000114  2422               	addwf	_midnight,w,c
   493  000116  6E09               	movwf	??_InterruptHandlerHigh& (0+255),c
   494  000118  0E00               	movlw	0
   495  00011A  2023               	addwfc	_midnight+1,w,c
   496  00011C  6E0A               	movwf	(??_InterruptHandlerHigh+1)& (0+255),c
   497  00011E  501E               	movf	_counter,w,c
   498  000120  5C09               	subwf	??_InterruptHandlerHigh,w,c
   499  000122  500A               	movf	??_InterruptHandlerHigh+1,w,c
   500  000124  0A80               	xorlw	128
   501  000126  6E0B               	movwf	(??_InterruptHandlerHigh+2)& (0+255),c
   502  000128  501F               	movf	_counter+1,w,c
   503  00012A  0A80               	xorlw	128
   504  00012C  580B               	subwfb	(??_InterruptHandlerHigh+2)& (0+255),w,c
   505  00012E  B0D8               	btfsc	status,0,c
   506  000130  D019               	goto	i2l878
   507  000132  0E1A               	movlw	26
   508  000134  2422               	addwf	_midnight,w,c
   509  000136  6E09               	movwf	??_InterruptHandlerHigh& (0+255),c
   510  000138  0E00               	movlw	0
   511  00013A  2023               	addwfc	_midnight+1,w,c
   512  00013C  6E0A               	movwf	(??_InterruptHandlerHigh+1)& (0+255),c
   513  00013E  5009               	movf	??_InterruptHandlerHigh,w,c
   514  000140  5C1E               	subwf	_counter,w,c
   515  000142  501F               	movf	_counter+1,w,c
   516  000144  0A80               	xorlw	128
   517  000146  6E0B               	movwf	(??_InterruptHandlerHigh+2)& (0+255),c
   518  000148  500A               	movf	??_InterruptHandlerHigh+1,w,c
   519  00014A  0A80               	xorlw	128
   520  00014C  580B               	subwfb	(??_InterruptHandlerHigh+2)& (0+255),w,c
   521  00014E  B0D8               	btfsc	status,0,c
   522  000150  D009               	goto	i2l878
   523                           
   524                           ;miniProj2.c: 57: LEDout10(0);
   525  000152  0E00               	movlw	0
   526  000154  6E02               	movwf	LEDout10@number+1,c
   527  000156  0E00               	movlw	0
   528  000158  6E01               	movwf	LEDout10@number,c
   529  00015A  EC20  F001         	call	_LEDout10	;wreg free
   530                           
   531                           ;miniProj2.c: 58: counter++;
   532  00015E  4A1E               	infsnz	_counter,f,c
   533  000160  2A1F               	incf	_counter+1,f,c
   534                           
   535                           ;miniProj2.c: 59: }else{
   536  000162  D007               	goto	i2l882
   537  000164                     i2l878:
   538                           
   539                           ;miniProj2.c: 60: counter++;
   540  000164  4A1E               	infsnz	_counter,f,c
   541  000166  2A1F               	incf	_counter+1,f,c
   542                           
   543                           ;miniProj2.c: 61: LEDout10(0b1111111111);
   544  000168  0E03               	movlw	3
   545  00016A  6E02               	movwf	LEDout10@number+1,c
   546  00016C  6801               	setf	LEDout10@number,c
   547  00016E  EC20  F001         	call	_LEDout10	;wreg free
   548  000172                     i2l882:
   549                           
   550                           ;miniProj2.c: 62: }
   551                           ;miniProj2.c: 63: }
   552                           ;miniProj2.c: 65: ADResultOld = ADResult;
   553  000172  C01A  F01C         	movff	_ADResult,_ADResultOld
   554  000176  C01B  F01D         	movff	_ADResult+1,_ADResultOld+1
   555                           
   556                           ;miniProj2.c: 66: INTCONbits.TMR0IF = 0;
   557  00017A  94F2               	bcf	intcon,2,c	;volatile
   558  00017C                     i2l71:
   559  00017C  C019  FFF5         	movff	??_InterruptHandlerHigh+16,tablat
   560  000180  C018  FFF8         	movff	??_InterruptHandlerHigh+15,tblptru
   561  000184  C017  FFF7         	movff	??_InterruptHandlerHigh+14,tblptrh
   562  000188  C016  FFF6         	movff	??_InterruptHandlerHigh+13,tblptrl
   563  00018C  C015  FFF4         	movff	??_InterruptHandlerHigh+12,prodh
   564  000190  C014  FFF3         	movff	??_InterruptHandlerHigh+11,prodl
   565  000194  C013  FFDA         	movff	??_InterruptHandlerHigh+10,fsr2h
   566  000198  C012  FFD9         	movff	??_InterruptHandlerHigh+9,fsr2l
   567  00019C  C011  FFE2         	movff	??_InterruptHandlerHigh+8,fsr1h
   568  0001A0  C010  FFE1         	movff	??_InterruptHandlerHigh+7,fsr1l
   569  0001A4  C00F  FFEA         	movff	??_InterruptHandlerHigh+6,fsr0h
   570  0001A8  C00E  FFE9         	movff	??_InterruptHandlerHigh+5,fsr0l
   571  0001AC  C00D  FFFB         	movff	??_InterruptHandlerHigh+4,pclatu
   572  0001B0  C00C  FFFA         	movff	??_InterruptHandlerHigh+3,pclath
   573  0001B4  9228               	bcf	btemp,1,c	;clear compiler interrupt flag (level 2)
   574  0001B6  0011               	retfie		f
   575  0001B8                     __end_of_InterruptHandlerHigh:
   576                           	opt stack 0
   577                           pclatu	equ	0xFFB
   578                           pclath	equ	0xFFA
   579                           tblptru	equ	0xFF8
   580                           tblptrh	equ	0xFF7
   581                           tblptrl	equ	0xFF6
   582                           tablat	equ	0xFF5
   583                           prodh	equ	0xFF4
   584                           prodl	equ	0xFF3
   585                           intcon	equ	0xFF2
   586                           intcon2	equ	0xFF1
   587                           postinc0	equ	0xFEE
   588                           fsr0h	equ	0xFEA
   589                           fsr0l	equ	0xFE9
   590                           wreg	equ	0xFE8
   591                           fsr1h	equ	0xFE2
   592                           fsr1l	equ	0xFE1
   593                           fsr2h	equ	0xFDA
   594                           fsr2l	equ	0xFD9
   595                           status	equ	0xFD8
   596                           
   597 ;; *************** function ___awdiv *****************
   598 ;; Defined at:
   599 ;;		line 8 in file "C:\Program Files (x86)\Microchip\xc8\v1.35\sources\common\awdiv.c"
   600 ;; Parameters:    Size  Location     Type
   601 ;;  dividend        2    0[COMRAM] int 
   602 ;;  divisor         2    2[COMRAM] int 
   603 ;; Auto vars:     Size  Location     Type
   604 ;;  quotient        2    6[COMRAM] int 
   605 ;;  sign            1    5[COMRAM] unsigned char 
   606 ;;  counter         1    4[COMRAM] unsigned char 
   607 ;; Return value:  Size  Location     Type
   608 ;;                  2    0[COMRAM] int 
   609 ;; Registers used:
   610 ;;		wreg, status,2, status,0
   611 ;; Tracked objects:
   612 ;;		On entry : 0/0
   613 ;;		On exit  : 0/0
   614 ;;		Unchanged: 0/0
   615 ;; Data sizes:     COMRAM   BANK0   BANK1   BANK2
   616 ;;      Params:         4       0       0       0
   617 ;;      Locals:         4       0       0       0
   618 ;;      Temps:          0       0       0       0
   619 ;;      Totals:         8       0       0       0
   620 ;;Total ram usage:        8 bytes
   621 ;; Hardware stack levels used:    1
   622 ;; This function calls:
   623 ;;		Nothing
   624 ;; This function is called by:
   625 ;;		_InterruptHandlerHigh
   626 ;; This function uses a non-reentrant model
   627 ;;
   628                           
   629                           	psect	text2
   630  0001BC                     __ptext2:
   631                           	opt stack 0
   632  0001BC                     ___awdiv:
   633                           	opt stack 29
   634                           
   635                           ;incstack = 0
   636  0001BC  0E00               	movlw	0
   637  0001BE  6E06               	movwf	___awdiv@sign,c
   638  0001C0  AE04               	btfss	___awdiv@divisor+1,7,c
   639  0001C2  D006               	goto	i2l802
   640  0001C4  6C03               	negf	___awdiv@divisor,c
   641  0001C6  1E04               	comf	___awdiv@divisor+1,f,c
   642  0001C8  B0D8               	btfsc	status,0,c
   643  0001CA  2A04               	incf	___awdiv@divisor+1,f,c
   644  0001CC  0E01               	movlw	1
   645  0001CE  6E06               	movwf	___awdiv@sign,c
   646  0001D0                     i2l802:
   647  0001D0  AE02               	btfss	___awdiv@dividend+1,7,c
   648  0001D2  D006               	goto	i2l808
   649  0001D4  6C01               	negf	___awdiv@dividend,c
   650  0001D6  1E02               	comf	___awdiv@dividend+1,f,c
   651  0001D8  B0D8               	btfsc	status,0,c
   652  0001DA  2A02               	incf	___awdiv@dividend+1,f,c
   653  0001DC  0E01               	movlw	1
   654  0001DE  1A06               	xorwf	___awdiv@sign,f,c
   655  0001E0                     i2l808:
   656  0001E0  0E00               	movlw	0
   657  0001E2  6E08               	movwf	___awdiv@quotient+1,c
   658  0001E4  0E00               	movlw	0
   659  0001E6  6E07               	movwf	___awdiv@quotient,c
   660  0001E8  5003               	movf	___awdiv@divisor,w,c
   661  0001EA  1004               	iorwf	___awdiv@divisor+1,w,c
   662  0001EC  B4D8               	btfsc	status,2,c
   663  0001EE  D01C               	goto	i2l830
   664  0001F0  0E01               	movlw	1
   665  0001F2  6E05               	movwf	___awdiv@counter,c
   666  0001F4  D004               	goto	i2l816
   667  0001F6                     i2l814:
   668  0001F6  90D8               	bcf	status,0,c
   669  0001F8  3603               	rlcf	___awdiv@divisor,f,c
   670  0001FA  3604               	rlcf	___awdiv@divisor+1,f,c
   671  0001FC  2A05               	incf	___awdiv@counter,f,c
   672  0001FE                     i2l816:
   673  0001FE  AE04               	btfss	___awdiv@divisor+1,7,c
   674  000200  D7FA               	goto	i2l814
   675  000202                     i2l818:
   676  000202  90D8               	bcf	status,0,c
   677  000204  3607               	rlcf	___awdiv@quotient,f,c
   678  000206  3608               	rlcf	___awdiv@quotient+1,f,c
   679  000208  5003               	movf	___awdiv@divisor,w,c
   680  00020A  5C01               	subwf	___awdiv@dividend,w,c
   681  00020C  5004               	movf	___awdiv@divisor+1,w,c
   682  00020E  5802               	subwfb	___awdiv@dividend+1,w,c
   683  000210  A0D8               	btfss	status,0,c
   684  000212  D005               	goto	i2l826
   685  000214  5003               	movf	___awdiv@divisor,w,c
   686  000216  5E01               	subwf	___awdiv@dividend,f,c
   687  000218  5004               	movf	___awdiv@divisor+1,w,c
   688  00021A  5A02               	subwfb	___awdiv@dividend+1,f,c
   689  00021C  8007               	bsf	___awdiv@quotient,0,c
   690  00021E                     i2l826:
   691  00021E  90D8               	bcf	status,0,c
   692  000220  3204               	rrcf	___awdiv@divisor+1,f,c
   693  000222  3203               	rrcf	___awdiv@divisor,f,c
   694  000224  2E05               	decfsz	___awdiv@counter,f,c
   695  000226  D7ED               	goto	i2l818
   696  000228                     i2l830:
   697  000228  5006               	movf	___awdiv@sign,w,c
   698  00022A  B4D8               	btfsc	status,2,c
   699  00022C  D004               	goto	i2l834
   700  00022E  6C07               	negf	___awdiv@quotient,c
   701  000230  1E08               	comf	___awdiv@quotient+1,f,c
   702  000232  B0D8               	btfsc	status,0,c
   703  000234  2A08               	incf	___awdiv@quotient+1,f,c
   704  000236                     i2l834:
   705  000236  C007  F001         	movff	___awdiv@quotient,?___awdiv
   706  00023A  C008  F002         	movff	___awdiv@quotient+1,?___awdiv+1
   707  00023E  0012               	return	
   708  000240                     __end_of___awdiv:
   709                           	opt stack 0
   710                           pclatu	equ	0xFFB
   711                           pclath	equ	0xFFA
   712                           tblptru	equ	0xFF8
   713                           tblptrh	equ	0xFF7
   714                           tblptrl	equ	0xFF6
   715                           tablat	equ	0xFF5
   716                           prodh	equ	0xFF4
   717                           prodl	equ	0xFF3
   718                           intcon	equ	0xFF2
   719                           intcon2	equ	0xFF1
   720                           postinc0	equ	0xFEE
   721                           fsr0h	equ	0xFEA
   722                           fsr0l	equ	0xFE9
   723                           wreg	equ	0xFE8
   724                           fsr1h	equ	0xFE2
   725                           fsr1l	equ	0xFE1
   726                           fsr2h	equ	0xFDA
   727                           fsr2l	equ	0xFD9
   728                           status	equ	0xFD8
   729                           
   730 ;; *************** function _LEDout10 *****************
   731 ;; Defined at:
   732 ;;		line 20 in file "miniProj2.c"
   733 ;; Parameters:    Size  Location     Type
   734 ;;  number          2    0[COMRAM] int 
   735 ;; Auto vars:     Size  Location     Type
   736 ;;		None
   737 ;; Return value:  Size  Location     Type
   738 ;;		None               void
   739 ;; Registers used:
   740 ;;		wreg, status,2, status,0
   741 ;; Tracked objects:
   742 ;;		On entry : 0/0
   743 ;;		On exit  : 0/0
   744 ;;		Unchanged: 0/0
   745 ;; Data sizes:     COMRAM   BANK0   BANK1   BANK2
   746 ;;      Params:         2       0       0       0
   747 ;;      Locals:         0       0       0       0
   748 ;;      Temps:          4       0       0       0
   749 ;;      Totals:         6       0       0       0
   750 ;;Total ram usage:        6 bytes
   751 ;; Hardware stack levels used:    1
   752 ;; This function calls:
   753 ;;		Nothing
   754 ;; This function is called by:
   755 ;;		_InterruptHandlerHigh
   756 ;; This function uses a non-reentrant model
   757 ;;
   758                           
   759                           	psect	text3
   760  000240                     __ptext3:
   761                           	opt stack 0
   762  000240                     _LEDout10:
   763                           	opt stack 29
   764                           
   765                           ;miniProj2.c: 22: LATC = ((number & 0b00111100)<<2)|(LATC & 0b00001111);
   766                           
   767                           ;incstack = 0
   768  000240  CF8B F003          	movff	3979,??_LEDout10	;volatile
   769  000244  0E0F               	movlw	15
   770  000246  1603               	andwf	??_LEDout10,f,c
   771  000248  C001  F004         	movff	LEDout10@number,??_LEDout10+1
   772  00024C  0E3C               	movlw	60
   773  00024E  1604               	andwf	??_LEDout10+1,f,c
   774  000250  90D8               	bcf	status,0,c
   775  000252  3604               	rlcf	??_LEDout10+1,f,c
   776  000254  90D8               	bcf	status,0,c
   777  000256  3404               	rlcf	??_LEDout10+1,w,c
   778  000258  1003               	iorwf	??_LEDout10,w,c
   779  00025A  6E8B               	movwf	3979,c	;volatile
   780                           
   781                           ;miniProj2.c: 23: LATD = (((number & 0b1111000000)>>2)|((number & 0b00000011)<<2))|(LATD
      +                           & 0b00000011);
   782  00025C  CF8C F003          	movff	3980,??_LEDout10	;volatile
   783  000260  0E03               	movlw	3
   784  000262  1603               	andwf	??_LEDout10,f,c
   785  000264  C001  F004         	movff	LEDout10@number,??_LEDout10+1
   786  000268  0E03               	movlw	3
   787  00026A  1604               	andwf	??_LEDout10+1,f,c
   788  00026C  90D8               	bcf	status,0,c
   789  00026E  3604               	rlcf	??_LEDout10+1,f,c
   790  000270  90D8               	bcf	status,0,c
   791  000272  3604               	rlcf	??_LEDout10+1,f,c
   792  000274  C001  F005         	movff	LEDout10@number,??_LEDout10+2
   793  000278  C002  F006         	movff	LEDout10@number+1,??_LEDout10+3
   794  00027C  3406               	rlcf	??_LEDout10+3,w,c
   795  00027E  3206               	rrcf	??_LEDout10+3,f,c
   796  000280  3205               	rrcf	??_LEDout10+2,f,c
   797  000282  3406               	rlcf	??_LEDout10+3,w,c
   798  000284  3206               	rrcf	??_LEDout10+3,f,c
   799  000286  3205               	rrcf	??_LEDout10+2,f,c
   800  000288  5005               	movf	??_LEDout10+2,w,c
   801  00028A  0BF0               	andlw	240
   802  00028C  1004               	iorwf	??_LEDout10+1,w,c
   803  00028E  1003               	iorwf	??_LEDout10,w,c
   804  000290  6E8C               	movwf	3980,c	;volatile
   805  000292  0012               	return		;funcret
   806  000294                     __end_of_LEDout10:
   807                           	opt stack 0
   808  0000                     pclatu	equ	0xFFB
   809                           pclath	equ	0xFFA
   810                           tblptru	equ	0xFF8
   811                           tblptrh	equ	0xFF7
   812                           tblptrl	equ	0xFF6
   813                           tablat	equ	0xFF5
   814                           prodh	equ	0xFF4
   815                           prodl	equ	0xFF3
   816                           intcon	equ	0xFF2
   817                           intcon2	equ	0xFF1
   818                           postinc0	equ	0xFEE
   819                           fsr0h	equ	0xFEA
   820                           fsr0l	equ	0xFE9
   821                           wreg	equ	0xFE8
   822                           fsr1h	equ	0xFE2
   823                           fsr1l	equ	0xFE1
   824                           fsr2h	equ	0xFDA
   825                           fsr2l	equ	0xFD9
   826                           status	equ	0xFD8
   827                           pclatu	equ	0xFFB
   828                           pclath	equ	0xFFA
   829                           tblptru	equ	0xFF8
   830                           tblptrh	equ	0xFF7
   831                           tblptrl	equ	0xFF6
   832                           tablat	equ	0xFF5
   833                           prodh	equ	0xFF4
   834                           prodl	equ	0xFF3
   835                           intcon	equ	0xFF2
   836                           intcon2	equ	0xFF1
   837                           postinc0	equ	0xFEE
   838                           fsr0h	equ	0xFEA
   839                           fsr0l	equ	0xFE9
   840                           wreg	equ	0xFE8
   841                           fsr1h	equ	0xFE2
   842                           fsr1l	equ	0xFE1
   843                           fsr2h	equ	0xFDA
   844                           fsr2l	equ	0xFD9
   845                           status	equ	0xFD8
   846                           
   847                           	psect	rparam
   848  0000                     pclatu	equ	0xFFB
   849                           pclath	equ	0xFFA
   850                           tblptru	equ	0xFF8
   851                           tblptrh	equ	0xFF7
   852                           tblptrl	equ	0xFF6
   853                           tablat	equ	0xFF5
   854                           prodh	equ	0xFF4
   855                           prodl	equ	0xFF3
   856                           intcon	equ	0xFF2
   857                           intcon2	equ	0xFF1
   858                           postinc0	equ	0xFEE
   859                           fsr0h	equ	0xFEA
   860                           fsr0l	equ	0xFE9
   861                           wreg	equ	0xFE8
   862                           fsr1h	equ	0xFE2
   863                           fsr1l	equ	0xFE1
   864                           fsr2h	equ	0xFDA
   865                           fsr2l	equ	0xFD9
   866                           status	equ	0xFD8
   867                           
   868                           	psect	temp
   869  000028                     btemp:
   870                           	opt stack 0
   871  000028                     	ds	1
   872  0000                     int$flags	set	btemp
   873                           pclatu	equ	0xFFB
   874                           pclath	equ	0xFFA
   875                           tblptru	equ	0xFF8
   876                           tblptrh	equ	0xFF7
   877                           tblptrl	equ	0xFF6
   878                           tablat	equ	0xFF5
   879                           prodh	equ	0xFF4
   880                           prodl	equ	0xFF3
   881                           intcon	equ	0xFF2
   882                           intcon2	equ	0xFF1
   883                           postinc0	equ	0xFEE
   884                           fsr0h	equ	0xFEA
   885                           fsr0l	equ	0xFE9
   886                           wreg	equ	0xFE8
   887                           fsr1h	equ	0xFE2
   888                           fsr1l	equ	0xFE1
   889                           fsr2h	equ	0xFDA
   890                           fsr2l	equ	0xFD9
   891                           status	equ	0xFD8


Data Sizes:
    Strings     0
    Constant    0
    Data        2
    BSS         12
    Persistent  0
    Stack       0

Auto Spaces:
    Space          Size  Autos    Used
    COMRAM           94     25      39
    BANK0           160      0       0
    BANK1           256      0       0
    BANK2           256      0       0

Pointer List with Targets:

    None.

Critical Paths under _main in COMRAM

    None.

Critical Paths under _InterruptHandlerHigh in COMRAM

    _InterruptHandlerHigh->___awdiv

Critical Paths under _main in BANK0

    None.

Critical Paths under _InterruptHandlerHigh in BANK0

    None.

Critical Paths under _main in BANK1

    None.

Critical Paths under _InterruptHandlerHigh in BANK1

    None.

Critical Paths under _main in BANK2

    None.

Critical Paths under _InterruptHandlerHigh in BANK2

    None.

Call Graph Tables:

 ---------------------------------------------------------------------------------
 (Depth) Function   	        Calls       Base Space   Used Autos Params    Refs
 ---------------------------------------------------------------------------------
 (0) _main                                                 0     0      0       0
 ---------------------------------------------------------------------------------
 Estimated maximum stack depth 0
 ---------------------------------------------------------------------------------
 (Depth) Function   	        Calls       Base Space   Used Autos Params    Refs
 ---------------------------------------------------------------------------------
 (1) _InterruptHandlerHigh                                17    17      0     667
                                              8 COMRAM    17    17      0
                           _LEDout10
                            ___awdiv
 ---------------------------------------------------------------------------------
 (2) ___awdiv                                              8     4      4     386
                                              0 COMRAM     8     4      4
 ---------------------------------------------------------------------------------
 (2) _LEDout10                                             6     4      2     281
                                              0 COMRAM     6     4      2
 ---------------------------------------------------------------------------------
 Estimated maximum stack depth 2
 ---------------------------------------------------------------------------------

 Call Graph Graphs:

 _main (ROOT)

 _InterruptHandlerHigh (ROOT)
   _LEDout10
   ___awdiv

 Address spaces:
Name               Size   Autos  Total    Cost      Usage
BIGRAM             2FF      0       0      10        0.0%
EEDATA             100      0       0       0        0.0%
BITBANK2           100      0       0       8        0.0%
BANK2              100      0       0       9        0.0%
BITBANK1           100      0       0       6        0.0%
BANK1              100      0       0       7        0.0%
BITBANK0            A0      0       0       4        0.0%
BANK0               A0      0       0       5        0.0%
BITCOMRAM           5E      0       0       0        0.0%
COMRAM              5E     19      27       1       41.5%
BITSFR               0      0       0      40        0.0%
SFR                  0      0       0      40        0.0%
STACK                0      0       0       2        0.0%
NULL                 0      0       0       0        0.0%
ABS                  0      0      27       3        0.0%
DATA                 0      0      27      11        0.0%
CODE                 0      0       0       0        0.0%


Microchip Technology PIC18 Macro Assembler V1.35 build -356382666 
Symbol Table                                                                                   Tue Feb 06 09:47:03 2018

                           l74 0298                             l78 02DA                   ___awdiv@sign 0006  
                          wreg 000FE8                           _LATC 000F8B                           _LATD 000F8C  
                         i2l60 0048                           i2l71 017C                           _main 0294  
                         fsr0h 000FEA                           fsr1h 000FE2                           fsr0l 000FE9  
                         fsr2h 000FDA                           fsr1l 000FE1                           fsr2l 000FD9  
                         btemp 0028                           pclat 000FFA                           prodh 000FF4  
                         prodl 000FF3                           start 01B8                   ___param_bank 000010  
                        ?_main 0001                __end_of___awdiv 0240               __end_of_LEDout10 0294  
              ___awdiv@divisor 0003                          i2l802 01D0                          i2l814 01F6  
                        i2l830 0228                          i2l816 01FE                          i2l808 01E0  
                        i2l834 0236                          i2l826 021E                          i2l818 0202  
                        i2l870 0112                          i2l846 0066                          i2l856 00A4  
                        i2l864 00F0                          i2l866 0100                          i2l882 0172  
              ___awdiv@counter 0005                          i2l878 0164                          _TRISA 000F92  
                        _TRISC 000F94                          _TRISD 000F95                          tablat 000FF5  
                        status 000FD8                __initialization 02DC                   __end_of_main 02DC  
               __CFG_OSC$IRCIO 000000                         ??_main 001A                 _totalDayLength 0026  
                __activetblptr 000000                         _ADCON0 000FC2                         _ADCON1 000FC1  
                       _ADCON2 000FC0                         _ADRESH 000FC4                         _ADRESL 000FC3  
             ___awdiv@dividend 0001                         _ANSEL0 000FB8                         _ANSEL1 000FB9  
               __CFG_WDTEN$OFF 000000                         _OSCCON 000FD3                      ??___awdiv 0005  
                       clear_0 02E2               ___awdiv@quotient 0007                   __pdataCOMRAM 0026  
                       tblptrh 000FF7                         tblptrl 000FF6                         tblptru 000FF8  
                   __accesstop 0060        __end_of__initialization 0300                  ___rparam_used 000001  
                    ?_LEDout10 0001                 __pcstackCOMRAM 0001  __size_of_InterruptHandlerHigh 01B0  
                   _dayCounter 0020                     ??_LEDout10 0003                        __Hparam 0000  
                      __Lparam 0000                        ___awdiv 01BC                        __pcinit 02DC  
                      __ramtop 0300                        __ptext0 0294                        __ptext2 01BC  
                      __ptext3 0240                      _T0CONbits 000FD5                        _counter 001E  
         end_of_initialization 0300                        postinc0 000FEE              __size_of_LEDout10 0054  
                __pidataCOMRAM 030A            start_initialization 02DC   __end_of_InterruptHandlerHigh 01B8  
                  __pbssCOMRAM 001A                      __pintcode 0008                       ?___awdiv 0001  
                  _ADResultOld 001C                       _ADResult 001A                       _LEDout10 0240  
               LEDout10@number 0001                     _ADCON0bits 000FC2           _InterruptHandlerHigh 0008  
                  _INTCON2bits 000FF1                       __Hrparam 0000                       __Lrparam 0000  
             __size_of___awdiv 0084          ?_InterruptHandlerHigh 0001                    _nightLength 0024  
                     _midnight 0022                  __size_of_main 0048                       int$flags 0028  
                   _INTCONbits 000FF2                       intlevel2 0000                     _OSCCONbits 000FD3  
       ??_InterruptHandlerHigh 0009  
