

Microchip Technology PIC18 LITE Macro Assembler V1.35 build -356382666 
                                                                                               Tue Feb 20 11:58:40 2018

Microchip Technology Omniscient Code Generator v1.35 (Free mode) build 201507080246
     1                           	processor	18F4331
     2                           	fnconf	rparam,??,?,0
     3                           	opt	pw 120
     4                           	opt	lm
     5                           	psect	cinit,global,reloc=2,class=CODE,delta=1
     6                           	psect	cstackCOMRAM,global,class=COMRAM,space=1,delta=1
     7                           	psect	text0,global,reloc=2,class=CODE,delta=1
     8                           	psect	text1,global,reloc=2,class=CODE,delta=1
     9                           	psect	intsave_regs,global,class=BIGRAM,space=1,delta=1
    10                           	psect	rparam,global,class=COMRAM,space=1,delta=1
    11  0000                     _BAUDCONbits	set	4010
    12  0000                     _LATC	set	3979
    13  0000                     _OSCCON	set	4051
    14  0000                     _OSCCONbits	set	4051
    15  0000                     _PIR1bits	set	3998
    16  0000                     _RCSTAbits	set	4011
    17  0000                     _SPBRG	set	4015
    18  0000                     _SPBRGH	set	4016
    19  0000                     _TRISCbits	set	3988
    20  0000                     _TXREG	set	4013
    21  0000                     _TXSTAbits	set	4012
    22                           
    23                           ; #config settings
    24  0000                     
    25                           	psect	cinit
    26  001FA6                     __pcinit:
    27                           	opt stack 0
    28  001FA6                     start_initialization:
    29                           	opt stack 0
    30  001FA6                     __initialization:
    31                           	opt stack 0
    32  001FA6                     end_of_initialization:
    33                           	opt stack 0
    34  001FA6                     __end_of__initialization:
    35                           	opt stack 0
    36  001FA6  0100               	movlb	0
    37  001FA8  EFDC  F00F         	goto	_main	;jump to C main() function
    38                           
    39                           	psect	cstackCOMRAM
    40  000001                     __pcstackCOMRAM:
    41                           	opt stack 0
    42  000001                     sendCharSerial@charToSend:
    43                           	opt stack 0
    44                           
    45                           ; 1 bytes @ 0x0
    46  000001                     	ds	1
    47  000002                     
    48                           ; 0 bytes @ 0x1
    49 ;;
    50 ;;Main: autosize = 0, tempsize = 0, incstack = 0, save=0
    51 ;;
    52 ;; *************** function _main *****************
    53 ;; Defined at:
    54 ;;		line 27 in file "exercise2a.c"
    55 ;; Parameters:    Size  Location     Type
    56 ;;		None
    57 ;; Auto vars:     Size  Location     Type
    58 ;;		None
    59 ;; Return value:  Size  Location     Type
    60 ;;		None               void
    61 ;; Registers used:
    62 ;;		wreg, status,2, cstack
    63 ;; Tracked objects:
    64 ;;		On entry : 0/0
    65 ;;		On exit  : 0/0
    66 ;;		Unchanged: 0/0
    67 ;; Data sizes:     COMRAM   BANK0   BANK1   BANK2
    68 ;;      Params:         0       0       0       0
    69 ;;      Locals:         0       0       0       0
    70 ;;      Temps:          0       0       0       0
    71 ;;      Totals:         0       0       0       0
    72 ;;Total ram usage:        0 bytes
    73 ;; Hardware stack levels required when called:    1
    74 ;; This function calls:
    75 ;;		_sendCharSerial
    76 ;; This function is called by:
    77 ;;		Startup code after reset
    78 ;; This function uses a non-reentrant model
    79 ;;
    80                           
    81                           	psect	text0
    82  001FB8                     __ptext0:
    83                           	opt stack 0
    84  001FB8                     _main:
    85                           	opt stack 30
    86                           
    87                           ;exercise2a.c: 28: OSCCON = 0x72;
    88                           
    89                           ;incstack = 0
    90  001FB8  0E72               	movlw	114
    91  001FBA  6ED3               	movwf	4051,c	;volatile
    92  001FBC                     l31:
    93  001FBC  A4D3               	btfss	4051,2,c	;volatile
    94  001FBE  D7FE               	goto	l31
    95                           
    96                           ;exercise2a.c: 32: LATC = 0;
    97  001FC0  0E00               	movlw	0
    98  001FC2  6E8B               	movwf	3979,c	;volatile
    99                           
   100                           ;exercise2a.c: 33: TRISCbits.RC6 = 0;
   101  001FC4  9C94               	bcf	3988,6,c	;volatile
   102                           
   103                           ;exercise2a.c: 34: TRISCbits.RC7 = 1;
   104  001FC6  8E94               	bsf	3988,7,c	;volatile
   105                           
   106                           ;exercise2a.c: 37: BAUDCONbits.BRG16 = 1;
   107  001FC8  86AA               	bsf	4010,3,c	;volatile
   108                           
   109                           ;exercise2a.c: 40: SPBRG = 102;
   110  001FCA  0E66               	movlw	102
   111  001FCC  6EAF               	movwf	4015,c	;volatile
   112                           
   113                           ;exercise2a.c: 41: SPBRGH = 0;
   114  001FCE  0E00               	movlw	0
   115  001FD0  6EB0               	movwf	4016,c	;volatile
   116                           
   117                           ;exercise2a.c: 43: TXSTAbits.BRGH = 1;
   118  001FD2  84AC               	bsf	4012,2,c	;volatile
   119                           
   120                           ;exercise2a.c: 44: RCSTAbits.CREN = 1;
   121  001FD4  88AB               	bsf	4011,4,c	;volatile
   122                           
   123                           ;exercise2a.c: 45: RCSTAbits.SPEN = 1;
   124  001FD6  8EAB               	bsf	4011,7,c	;volatile
   125                           
   126                           ;exercise2a.c: 46: TXSTAbits.TXEN = 1;
   127  001FD8  8AAC               	bsf	4012,5,c	;volatile
   128  001FDA                     l657:
   129                           
   130                           ;exercise2a.c: 49: sendCharSerial(0x02);
   131  001FDA  0E02               	movlw	2
   132  001FDC  ECD6  F00F         	call	_sendCharSerial
   133                           
   134                           ;exercise2a.c: 50: sendCharSerial(0x65);
   135  001FE0  0E65               	movlw	101
   136  001FE2  ECD6  F00F         	call	_sendCharSerial
   137                           
   138                           ;exercise2a.c: 51: sendCharSerial(0x63);
   139  001FE6  0E63               	movlw	99
   140  001FE8  ECD6  F00F         	call	_sendCharSerial
   141                           
   142                           ;exercise2a.c: 52: sendCharSerial(0x68);
   143  001FEC  0E68               	movlw	104
   144  001FEE  ECD6  F00F         	call	_sendCharSerial
   145                           
   146                           ;exercise2a.c: 53: sendCharSerial(0x6F);
   147  001FF2  0E6F               	movlw	111
   148  001FF4  ECD6  F00F         	call	_sendCharSerial
   149                           
   150                           ;exercise2a.c: 54: sendCharSerial(0x03);
   151  001FF8  0E03               	movlw	3
   152  001FFA  ECD6  F00F         	call	_sendCharSerial
   153  001FFE  D7ED               	goto	l657
   154  002000                     __end_of_main:
   155                           	opt stack 0
   156                           
   157 ;; *************** function _sendCharSerial *****************
   158 ;; Defined at:
   159 ;;		line 21 in file "exercise2a.c"
   160 ;; Parameters:    Size  Location     Type
   161 ;;  charToSend      1    wreg     unsigned char 
   162 ;; Auto vars:     Size  Location     Type
   163 ;;  charToSend      1    0[COMRAM] unsigned char 
   164 ;; Return value:  Size  Location     Type
   165 ;;		None               void
   166 ;; Registers used:
   167 ;;		wreg
   168 ;; Tracked objects:
   169 ;;		On entry : 0/0
   170 ;;		On exit  : 0/0
   171 ;;		Unchanged: 0/0
   172 ;; Data sizes:     COMRAM   BANK0   BANK1   BANK2
   173 ;;      Params:         0       0       0       0
   174 ;;      Locals:         1       0       0       0
   175 ;;      Temps:          0       0       0       0
   176 ;;      Totals:         1       0       0       0
   177 ;;Total ram usage:        1 bytes
   178 ;; Hardware stack levels used:    1
   179 ;; This function calls:
   180 ;;		Nothing
   181 ;; This function is called by:
   182 ;;		_main
   183 ;; This function uses a non-reentrant model
   184 ;;
   185                           
   186                           	psect	text1
   187  001FAC                     __ptext1:
   188                           	opt stack 0
   189  001FAC                     _sendCharSerial:
   190                           	opt stack 30
   191                           
   192                           ;incstack = 0
   193                           ;sendCharSerial@charToSend stored from wreg
   194  001FAC  6E01               	movwf	sendCharSerial@charToSend,c
   195  001FAE                     l25:
   196  001FAE  A89E               	btfss	3998,4,c	;volatile
   197  001FB0  D7FE               	goto	l25
   198                           
   199                           ;exercise2a.c: 23: TXREG = charToSend;
   200  001FB2  C001  FFAD         	movff	sendCharSerial@charToSend,4013	;volatile
   201  001FB6  0012               	return		;funcret
   202  001FB8                     __end_of_sendCharSerial:
   203                           	opt stack 0
   204  0000                     
   205                           	psect	rparam


Data Sizes:
    Strings     0
    Constant    0
    Data        0
    BSS         0
    Persistent  0
    Stack       0

Auto Spaces:
    Space          Size  Autos    Used
    COMRAM           95      1       1
    BANK0           160      0       0
    BANK1           256      0       0
    BANK2           256      0       0

Pointer List with Targets:

    None.

Critical Paths under _main in COMRAM

    _main->_sendCharSerial

Critical Paths under _main in BANK0

    None.

Critical Paths under _main in BANK1

    None.

Critical Paths under _main in BANK2

    None.

Call Graph Tables:

 ---------------------------------------------------------------------------------
 (Depth) Function   	        Calls       Base Space   Used Autos Params    Refs
 ---------------------------------------------------------------------------------
 (0) _main                                                 0     0      0      15
                     _sendCharSerial
 ---------------------------------------------------------------------------------
 (1) _sendCharSerial                                       1     1      0      15
                                              0 COMRAM     1     1      0
 ---------------------------------------------------------------------------------
 Estimated maximum stack depth 1
 ---------------------------------------------------------------------------------

 Call Graph Graphs:

 _main (ROOT)
   _sendCharSerial

 Address spaces:
Name               Size   Autos  Total    Cost      Usage
BITCOMRAM           5F      0       0       0        0.0%
EEDATA             100      0       0       0        0.0%
NULL                 0      0       0       0        0.0%
CODE                 0      0       0       0        0.0%
COMRAM              5F      1       1       1        1.1%
STACK                0      0       0       2        0.0%
ABS                  0      0       0       3        0.0%
BITBANK0            A0      0       0       4        0.0%
BANK0               A0      0       0       5        0.0%
BITBANK1           100      0       0       6        0.0%
BANK1              100      0       0       7        0.0%
BITBANK2           100      0       0       8        0.0%
BANK2              100      0       0       9        0.0%
BIGRAM             2FF      0       0      10        0.0%
DATA                 0      0       0      11        0.0%
BITSFR               0      0       0      40        0.0%
SFR                  0      0       0      40        0.0%


Microchip Technology PIC18 Macro Assembler V1.35 build -356382666 
Symbol Table                                                                                   Tue Feb 20 11:58:40 2018

                      l31 1FBC                        l25 1FAE                       l657 1FDA  
                    _LATC 000F8B    __end_of_sendCharSerial 1FB8                      _main 1FB8  
                    start 0000              ___param_bank 000010                     ?_main 0001  
                   _SPBRG 000FAF                     _TXREG 000FAD           ?_sendCharSerial 0001  
         __initialization 1FA6              __end_of_main 2000            __CFG_OSC$IRCIO 000000  
                  ??_main 0002             __activetblptr 000000            __CFG_WDTEN$OFF 000000  
                  _OSCCON 000FD3                    _SPBRGH 000FB0                __accesstop 0060  
 __end_of__initialization 1FA6             ___rparam_used 000001            __pcstackCOMRAM 0001  
        ??_sendCharSerial 0001                   __Hparam 0000                   __Lparam 0000  
                 __pcinit 1FA6                   __ramtop 0300                   __ptext0 1FB8  
                 __ptext1 1FAC      end_of_initialization 1FA6                 _RCSTAbits 000FAB  
sendCharSerial@charToSend 0001                 _TRISCbits 000F94                 _TXSTAbits 000FAC  
             _BAUDCONbits 000FAA       start_initialization 1FA6                  _PIR1bits 000F9E  
 __size_of_sendCharSerial 000C                  __Hrparam 0000                  __Lrparam 0000  
           __size_of_main 0048                _OSCCONbits 000FD3            _sendCharSerial 1FAC  
