

Microchip Technology PIC18 LITE Macro Assembler V1.35 build -356382666 
                                                                                               Fri Feb 02 18:00:54 2018

Microchip Technology Omniscient Code Generator v1.35 (Free mode) build 201507080246
     1                           	processor	18F4431
     2                           	fnconf	rparam,??,?,0
     3                           	opt	pw 120
     4                           	opt	lm
     5                           	psect	cinit,global,reloc=2,class=CODE,delta=1
     6                           	psect	bssCOMRAM,global,class=COMRAM,space=1,delta=1
     7                           	psect	cstackCOMRAM,global,class=COMRAM,space=1,delta=1
     8                           	psect	text0,global,reloc=2,class=CODE,delta=1
     9                           	psect	text1,global,reloc=2,class=CODE,delta=1
    10                           	psect	text2,global,reloc=2,class=CODE,delta=1
    11                           	psect	intcode,global,reloc=2,class=CODE,delta=1
    12                           	psect	intsave_regs,global,class=BIGRAM,space=1,delta=1
    13                           	psect	rparam,global,class=COMRAM,space=1,delta=1
    14                           	psect	temp,global,ovrld,common,class=COMRAM,space=1,delta=1
    15  0000                     _INTCON2bits	set	4081
    16  0000                     _INTCONbits	set	4082
    17  0000                     _LATC	set	3979
    18  0000                     _LATD	set	3980
    19  0000                     _OSCCON	set	4051
    20  0000                     _OSCCONbits	set	4051
    21  0000                     _T0CONbits	set	4053
    22  0000                     _TMR0L	set	4054
    23  0000                     _TRISC	set	3988
    24  0000                     _TRISD	set	3989
    25                           
    26                           ; #config settings
    27  0000                     
    28                           	psect	cinit
    29  000134                     __pcinit:
    30                           	opt stack 0
    31  000134                     start_initialization:
    32                           	opt stack 0
    33  000134                     __initialization:
    34                           	opt stack 0
    35                           
    36                           ; Clear objects allocated to COMRAM (2 bytes)
    37  000134  6A15               	clrf	(__pbssCOMRAM+1)& (0+255),c
    38  000136  6A14               	clrf	__pbssCOMRAM& (0+255),c
    39  000138                     end_of_initialization:
    40                           	opt stack 0
    41  000138                     __end_of__initialization:
    42                           	opt stack 0
    43  000138  9016               	bcf	int$flags,0,c	;clear compiler interrupt flag (level 1)
    44  00013A  9216               	bcf	int$flags,1,c	;clear compiler interrupt flag (level 2)
    45  00013C  0100               	movlb	0
    46  00013E  EF48  F000         	goto	_main	;jump to C main() function
    47                           
    48                           	psect	bssCOMRAM
    49  000014                     __pbssCOMRAM:
    50                           	opt stack 0
    51  000014                     _timerOverflows:
    52                           	opt stack 0
    53  000014                     	ds	2
    54                           
    55                           	psect	cstackCOMRAM
    56  000001                     __pcstackCOMRAM:
    57                           	opt stack 0
    58  000001                     ??_InterruptHandlerHigh:
    59  000001                     
    60                           ; 0 bytes @ 0x0
    61  000001                     	ds	14
    62  00000F                     LEDout@number:
    63                           	opt stack 0
    64  00000F                     delay@t:
    65                           	opt stack 0
    66                           
    67                           ; 2 bytes @ 0xE
    68  00000F                     	ds	2
    69  000011                     ??_LEDout:
    70  000011                     ??_delay:
    71                           
    72                           ; 0 bytes @ 0x10
    73  000011                     	ds	1
    74  000012                     delay@x:
    75                           	opt stack 0
    76                           
    77                           ; 2 bytes @ 0x11
    78  000012                     	ds	2
    79  000014                     
    80                           ; 0 bytes @ 0x13
    81 ;;
    82 ;;Main: autosize = 0, tempsize = 0, incstack = 0, save=0
    83 ;;
    84 ;; *************** function _main *****************
    85 ;; Defined at:
    86 ;;		line 46 in file "Lab3_exercise3.c"
    87 ;; Parameters:    Size  Location     Type
    88 ;;		None
    89 ;; Auto vars:     Size  Location     Type
    90 ;;		None
    91 ;; Return value:  Size  Location     Type
    92 ;;		None               void
    93 ;; Registers used:
    94 ;;		wreg, status,2, status,0, cstack
    95 ;; Tracked objects:
    96 ;;		On entry : 0/0
    97 ;;		On exit  : 0/0
    98 ;;		Unchanged: 0/0
    99 ;; Data sizes:     COMRAM   BANK0   BANK1   BANK2
   100 ;;      Params:         0       0       0       0
   101 ;;      Locals:         0       0       0       0
   102 ;;      Temps:          0       0       0       0
   103 ;;      Totals:         0       0       0       0
   104 ;;Total ram usage:        0 bytes
   105 ;; Hardware stack levels required when called:    2
   106 ;; This function calls:
   107 ;;		_LEDout
   108 ;;		_delay
   109 ;; This function is called by:
   110 ;;		Startup code after reset
   111 ;; This function uses a non-reentrant model
   112 ;;
   113                           
   114                           	psect	text0
   115  000090                     __ptext0:
   116                           	opt stack 0
   117  000090                     _main:
   118                           	opt stack 29
   119                           
   120                           ;Lab3_exercise3.c: 47: OSCCON = 0x72;
   121                           
   122                           ;incstack = 0
   123  000090  0E72               	movlw	114
   124  000092  6ED3               	movwf	4051,c	;volatile
   125  000094                     l38:
   126  000094  A4D3               	btfss	4051,2,c	;volatile
   127  000096  D7FE               	goto	l38
   128                           
   129                           ;Lab3_exercise3.c: 51: LATC = 0;
   130  000098  0E00               	movlw	0
   131  00009A  6E8B               	movwf	3979,c	;volatile
   132                           
   133                           ;Lab3_exercise3.c: 52: LATD = 0;
   134  00009C  0E00               	movlw	0
   135  00009E  6E8C               	movwf	3980,c	;volatile
   136                           
   137                           ;Lab3_exercise3.c: 53: TRISD = 0;
   138  0000A0  0E00               	movlw	0
   139  0000A2  6E95               	movwf	3989,c	;volatile
   140                           
   141                           ;Lab3_exercise3.c: 54: TRISC = 0b00001000;
   142  0000A4  0E08               	movlw	8
   143  0000A6  6E94               	movwf	3988,c	;volatile
   144                           
   145                           ;Lab3_exercise3.c: 58: INTCONbits.GIEH = 1;
   146  0000A8  8EF2               	bsf	intcon,7,c	;volatile
   147                           
   148                           ;Lab3_exercise3.c: 59: INTCONbits.TMR0IE = 1;
   149  0000AA  8AF2               	bsf	intcon,5,c	;volatile
   150                           
   151                           ;Lab3_exercise3.c: 60: INTCON2bits.TMR0IP = 1;
   152  0000AC  84F1               	bsf	intcon2,2,c	;volatile
   153                           
   154                           ;Lab3_exercise3.c: 63: T0CONbits.TMR0ON = 1;
   155  0000AE  8ED5               	bsf	4053,7,c	;volatile
   156                           
   157                           ;Lab3_exercise3.c: 64: T0CONbits.T016BIT = 1;
   158  0000B0  8CD5               	bsf	4053,6,c	;volatile
   159                           
   160                           ;Lab3_exercise3.c: 65: T0CONbits.T0CS = 0;
   161  0000B2  9AD5               	bcf	4053,5,c	;volatile
   162                           
   163                           ;Lab3_exercise3.c: 66: T0CONbits.PSA = 1;
   164  0000B4  86D5               	bsf	4053,3,c	;volatile
   165  0000B6                     l706:
   166                           
   167                           ;Lab3_exercise3.c: 70: LEDout(timerOverflows);
   168  0000B6  C014  F00F         	movff	_timerOverflows,LEDout@number
   169  0000BA  C015  F010         	movff	_timerOverflows+1,LEDout@number+1
   170  0000BE  EC68  F000         	call	_LEDout	;wreg free
   171                           
   172                           ;Lab3_exercise3.c: 71: delay(50);
   173  0000C2  0E00               	movlw	0
   174  0000C4  6E10               	movwf	delay@t+1,c
   175  0000C6  0E32               	movlw	50
   176  0000C8  6E0F               	movwf	delay@t,c
   177  0000CA  EC88  F000         	call	_delay	;wreg free
   178  0000CE  D7F3               	goto	l706
   179  0000D0                     __end_of_main:
   180                           	opt stack 0
   181                           intcon	equ	0xFF2
   182                           intcon2	equ	0xFF1
   183                           
   184 ;; *************** function _delay *****************
   185 ;; Defined at:
   186 ;;		line 25 in file "Lab3_exercise3.c"
   187 ;; Parameters:    Size  Location     Type
   188 ;;  t               2   14[COMRAM] int 
   189 ;; Auto vars:     Size  Location     Type
   190 ;;  x               2   17[COMRAM] int 
   191 ;; Return value:  Size  Location     Type
   192 ;;		None               void
   193 ;; Registers used:
   194 ;;		wreg, status,2, status,0
   195 ;; Tracked objects:
   196 ;;		On entry : 0/0
   197 ;;		On exit  : 0/0
   198 ;;		Unchanged: 0/0
   199 ;; Data sizes:     COMRAM   BANK0   BANK1   BANK2
   200 ;;      Params:         2       0       0       0
   201 ;;      Locals:         2       0       0       0
   202 ;;      Temps:          1       0       0       0
   203 ;;      Totals:         5       0       0       0
   204 ;;Total ram usage:        5 bytes
   205 ;; Hardware stack levels used:    1
   206 ;; Hardware stack levels required when called:    1
   207 ;; This function calls:
   208 ;;		Nothing
   209 ;; This function is called by:
   210 ;;		_main
   211 ;; This function uses a non-reentrant model
   212 ;;
   213                           
   214                           	psect	text1
   215  000110                     __ptext1:
   216                           	opt stack 0
   217  000110                     _delay:
   218                           	opt stack 29
   219                           
   220                           ;Lab3_exercise3.c: 26: int x;
   221                           ;Lab3_exercise3.c: 27: for (x = 0; x < t; x++);
   222                           
   223                           ;incstack = 0
   224  000110  0E00               	movlw	0
   225  000112  6E13               	movwf	delay@x+1,c
   226  000114  0E00               	movlw	0
   227  000116  6E12               	movwf	delay@x,c
   228  000118  D002               	goto	l686
   229  00011A                     l684:
   230  00011A  4A12               	infsnz	delay@x,f,c
   231  00011C  2A13               	incf	delay@x+1,f,c
   232  00011E                     l686:
   233  00011E  500F               	movf	delay@t,w,c
   234  000120  5C12               	subwf	delay@x,w,c
   235  000122  5013               	movf	delay@x+1,w,c
   236  000124  0A80               	xorlw	128
   237  000126  6E11               	movwf	??_delay& (0+255),c
   238  000128  5010               	movf	delay@t+1,w,c
   239  00012A  0A80               	xorlw	128
   240  00012C  5811               	subwfb	??_delay& (0+255),w,c
   241  00012E  B0D8               	btfsc	status,0,c
   242  000130  0012               	return	
   243  000132  D7F3               	goto	l684
   244  000134                     __end_of_delay:
   245                           	opt stack 0
   246                           intcon	equ	0xFF2
   247                           intcon2	equ	0xFF1
   248                           status	equ	0xFD8
   249                           
   250 ;; *************** function _LEDout *****************
   251 ;; Defined at:
   252 ;;		line 7 in file "Lab3_exercise3.c"
   253 ;; Parameters:    Size  Location     Type
   254 ;;  number          2   14[COMRAM] int 
   255 ;; Auto vars:     Size  Location     Type
   256 ;;		None
   257 ;; Return value:  Size  Location     Type
   258 ;;		None               void
   259 ;; Registers used:
   260 ;;		wreg, status,2, status,0
   261 ;; Tracked objects:
   262 ;;		On entry : 0/0
   263 ;;		On exit  : 0/0
   264 ;;		Unchanged: 0/0
   265 ;; Data sizes:     COMRAM   BANK0   BANK1   BANK2
   266 ;;      Params:         2       0       0       0
   267 ;;      Locals:         0       0       0       0
   268 ;;      Temps:          3       0       0       0
   269 ;;      Totals:         5       0       0       0
   270 ;;Total ram usage:        5 bytes
   271 ;; Hardware stack levels used:    1
   272 ;; Hardware stack levels required when called:    1
   273 ;; This function calls:
   274 ;;		Nothing
   275 ;; This function is called by:
   276 ;;		_main
   277 ;; This function uses a non-reentrant model
   278 ;;
   279                           
   280                           	psect	text2
   281  0000D0                     __ptext2:
   282                           	opt stack 0
   283  0000D0                     _LEDout:
   284                           	opt stack 29
   285                           
   286                           ;Lab3_exercise3.c: 9: LATC = (number & 0b00111100) << 2;
   287                           
   288                           ;incstack = 0
   289  0000D0  C00F  F011         	movff	LEDout@number,??_LEDout
   290  0000D4  0E3C               	movlw	60
   291  0000D6  1611               	andwf	??_LEDout,f,c
   292  0000D8  90D8               	bcf	status,0,c
   293  0000DA  3611               	rlcf	??_LEDout,f,c
   294  0000DC  90D8               	bcf	status,0,c
   295  0000DE  3411               	rlcf	??_LEDout,w,c
   296  0000E0  6E8B               	movwf	3979,c	;volatile
   297                           
   298                           ;Lab3_exercise3.c: 10: LATD = ((number & 0b11000000) >> 2) | ((number & 0b00000011) << 2
      +                          );
   299  0000E2  C00F  F011         	movff	LEDout@number,??_LEDout
   300  0000E6  0E03               	movlw	3
   301  0000E8  1611               	andwf	??_LEDout,f,c
   302  0000EA  90D8               	bcf	status,0,c
   303  0000EC  3611               	rlcf	??_LEDout,f,c
   304  0000EE  90D8               	bcf	status,0,c
   305  0000F0  3611               	rlcf	??_LEDout,f,c
   306  0000F2  C00F  F012         	movff	LEDout@number,??_LEDout+1
   307  0000F6  C010  F013         	movff	LEDout@number+1,??_LEDout+2
   308  0000FA  3413               	rlcf	??_LEDout+2,w,c
   309  0000FC  3213               	rrcf	??_LEDout+2,f,c
   310  0000FE  3212               	rrcf	??_LEDout+1,f,c
   311  000100  3413               	rlcf	??_LEDout+2,w,c
   312  000102  3213               	rrcf	??_LEDout+2,f,c
   313  000104  3212               	rrcf	??_LEDout+1,f,c
   314  000106  5012               	movf	??_LEDout+1,w,c
   315  000108  0B30               	andlw	48
   316  00010A  1011               	iorwf	??_LEDout,w,c
   317  00010C  6E8C               	movwf	3980,c	;volatile
   318  00010E  0012               	return		;funcret
   319  000110                     __end_of_LEDout:
   320                           	opt stack 0
   321                           intcon	equ	0xFF2
   322                           intcon2	equ	0xFF1
   323                           status	equ	0xFD8
   324                           
   325 ;; *************** function _InterruptHandlerHigh *****************
   326 ;; Defined at:
   327 ;;		line 33 in file "Lab3_exercise3.c"
   328 ;; Parameters:    Size  Location     Type
   329 ;;		None
   330 ;; Auto vars:     Size  Location     Type
   331 ;;		None
   332 ;; Return value:  Size  Location     Type
   333 ;;		None               void
   334 ;; Registers used:
   335 ;;		wreg, status,2, status,0
   336 ;; Tracked objects:
   337 ;;		On entry : 0/0
   338 ;;		On exit  : 0/0
   339 ;;		Unchanged: 0/0
   340 ;; Data sizes:     COMRAM   BANK0   BANK1   BANK2
   341 ;;      Params:         0       0       0       0
   342 ;;      Locals:         0       0       0       0
   343 ;;      Temps:         14       0       0       0
   344 ;;      Totals:        14       0       0       0
   345 ;;Total ram usage:       14 bytes
   346 ;; Hardware stack levels used:    1
   347 ;; This function calls:
   348 ;;		Nothing
   349 ;; This function is called by:
   350 ;;		Interrupt level 2
   351 ;; This function uses a non-reentrant model
   352 ;;
   353                           
   354                           	psect	intcode
   355  000008                     __pintcode:
   356                           	opt stack 0
   357  000008                     _InterruptHandlerHigh:
   358                           	opt stack 29
   359                           
   360                           ;incstack = 0
   361  000008  8216               	bsf	btemp,1,c	;set compiler interrupt flag (level 2)
   362  00000A  CFFA F001          	movff	pclath,??_InterruptHandlerHigh
   363  00000E  CFFB F002          	movff	pclatu,??_InterruptHandlerHigh+1
   364  000012  CFE9 F003          	movff	fsr0l,??_InterruptHandlerHigh+2
   365  000016  CFEA F004          	movff	fsr0h,??_InterruptHandlerHigh+3
   366  00001A  CFE1 F005          	movff	fsr1l,??_InterruptHandlerHigh+4
   367  00001E  CFE2 F006          	movff	fsr1h,??_InterruptHandlerHigh+5
   368  000022  CFD9 F007          	movff	fsr2l,??_InterruptHandlerHigh+6
   369  000026  CFDA F008          	movff	fsr2h,??_InterruptHandlerHigh+7
   370  00002A  CFF3 F009          	movff	prodl,??_InterruptHandlerHigh+8
   371  00002E  CFF4 F00A          	movff	prodh,??_InterruptHandlerHigh+9
   372  000032  CFF6 F00B          	movff	tblptrl,??_InterruptHandlerHigh+10
   373  000036  CFF7 F00C          	movff	tblptrh,??_InterruptHandlerHigh+11
   374  00003A  CFF8 F00D          	movff	tblptru,??_InterruptHandlerHigh+12
   375  00003E  CFF5 F00E          	movff	tablat,??_InterruptHandlerHigh+13
   376                           
   377                           ;Lab3_exercise3.c: 36: if (INTCONbits.TMR0IF)
   378  000042  A4F2               	btfss	intcon,2,c	;volatile
   379  000044  D005               	goto	i2l35
   380                           
   381                           ;Lab3_exercise3.c: 37: {
   382                           ;Lab3_exercise3.c: 39: timerOverflows++;
   383  000046  4A14               	infsnz	_timerOverflows,f,c
   384  000048  2A15               	incf	_timerOverflows+1,f,c
   385                           
   386                           ;Lab3_exercise3.c: 40: INTCONbits.TMR0IF = 0;
   387  00004A  94F2               	bcf	intcon,2,c	;volatile
   388                           
   389                           ;Lab3_exercise3.c: 41: TMR0L = 0;
   390  00004C  0E00               	movlw	0
   391  00004E  6ED6               	movwf	4054,c	;volatile
   392  000050                     i2l35:
   393  000050  C00E  FFF5         	movff	??_InterruptHandlerHigh+13,tablat
   394  000054  C00D  FFF8         	movff	??_InterruptHandlerHigh+12,tblptru
   395  000058  C00C  FFF7         	movff	??_InterruptHandlerHigh+11,tblptrh
   396  00005C  C00B  FFF6         	movff	??_InterruptHandlerHigh+10,tblptrl
   397  000060  C00A  FFF4         	movff	??_InterruptHandlerHigh+9,prodh
   398  000064  C009  FFF3         	movff	??_InterruptHandlerHigh+8,prodl
   399  000068  C008  FFDA         	movff	??_InterruptHandlerHigh+7,fsr2h
   400  00006C  C007  FFD9         	movff	??_InterruptHandlerHigh+6,fsr2l
   401  000070  C006  FFE2         	movff	??_InterruptHandlerHigh+5,fsr1h
   402  000074  C005  FFE1         	movff	??_InterruptHandlerHigh+4,fsr1l
   403  000078  C004  FFEA         	movff	??_InterruptHandlerHigh+3,fsr0h
   404  00007C  C003  FFE9         	movff	??_InterruptHandlerHigh+2,fsr0l
   405  000080  C002  FFFB         	movff	??_InterruptHandlerHigh+1,pclatu
   406  000084  C001  FFFA         	movff	??_InterruptHandlerHigh,pclath
   407  000088  9216               	bcf	btemp,1,c	;clear compiler interrupt flag (level 2)
   408  00008A  0011               	retfie		f
   409  00008C                     __end_of_InterruptHandlerHigh:
   410                           	opt stack 0
   411  0000                     pclatu	equ	0xFFB
   412                           pclath	equ	0xFFA
   413                           tblptru	equ	0xFF8
   414                           tblptrh	equ	0xFF7
   415                           tblptrl	equ	0xFF6
   416                           tablat	equ	0xFF5
   417                           prodh	equ	0xFF4
   418                           prodl	equ	0xFF3
   419                           intcon	equ	0xFF2
   420                           intcon2	equ	0xFF1
   421                           fsr0h	equ	0xFEA
   422                           fsr0l	equ	0xFE9
   423                           fsr1h	equ	0xFE2
   424                           fsr1l	equ	0xFE1
   425                           fsr2h	equ	0xFDA
   426                           fsr2l	equ	0xFD9
   427                           status	equ	0xFD8
   428                           pclatu	equ	0xFFB
   429                           pclath	equ	0xFFA
   430                           tblptru	equ	0xFF8
   431                           tblptrh	equ	0xFF7
   432                           tblptrl	equ	0xFF6
   433                           tablat	equ	0xFF5
   434                           prodh	equ	0xFF4
   435                           prodl	equ	0xFF3
   436                           intcon	equ	0xFF2
   437                           intcon2	equ	0xFF1
   438                           fsr0h	equ	0xFEA
   439                           fsr0l	equ	0xFE9
   440                           fsr1h	equ	0xFE2
   441                           fsr1l	equ	0xFE1
   442                           fsr2h	equ	0xFDA
   443                           fsr2l	equ	0xFD9
   444                           status	equ	0xFD8
   445                           
   446                           	psect	rparam
   447  0000                     pclatu	equ	0xFFB
   448                           pclath	equ	0xFFA
   449                           tblptru	equ	0xFF8
   450                           tblptrh	equ	0xFF7
   451                           tblptrl	equ	0xFF6
   452                           tablat	equ	0xFF5
   453                           prodh	equ	0xFF4
   454                           prodl	equ	0xFF3
   455                           intcon	equ	0xFF2
   456                           intcon2	equ	0xFF1
   457                           fsr0h	equ	0xFEA
   458                           fsr0l	equ	0xFE9
   459                           fsr1h	equ	0xFE2
   460                           fsr1l	equ	0xFE1
   461                           fsr2h	equ	0xFDA
   462                           fsr2l	equ	0xFD9
   463                           status	equ	0xFD8
   464                           
   465                           	psect	temp
   466  000016                     btemp:
   467                           	opt stack 0
   468  000016                     	ds	1
   469  0000                     int$flags	set	btemp
   470                           pclatu	equ	0xFFB
   471                           pclath	equ	0xFFA
   472                           tblptru	equ	0xFF8
   473                           tblptrh	equ	0xFF7
   474                           tblptrl	equ	0xFF6
   475                           tablat	equ	0xFF5
   476                           prodh	equ	0xFF4
   477                           prodl	equ	0xFF3
   478                           intcon	equ	0xFF2
   479                           intcon2	equ	0xFF1
   480                           fsr0h	equ	0xFEA
   481                           fsr0l	equ	0xFE9
   482                           fsr1h	equ	0xFE2
   483                           fsr1l	equ	0xFE1
   484                           fsr2h	equ	0xFDA
   485                           fsr2l	equ	0xFD9
   486                           status	equ	0xFD8


Data Sizes:
    Strings     0
    Constant    0
    Data        0
    BSS         2
    Persistent  0
    Stack       0

Auto Spaces:
    Space          Size  Autos    Used
    COMRAM           94     19      21
    BANK0           160      0       0
    BANK1           256      0       0
    BANK2           256      0       0

Pointer List with Targets:

    None.

Critical Paths under _main in COMRAM

    _main->_LEDout
    _main->_delay

Critical Paths under _InterruptHandlerHigh in COMRAM

    None.

Critical Paths under _main in BANK0

    None.

Critical Paths under _InterruptHandlerHigh in BANK0

    None.

Critical Paths under _main in BANK1

    None.

Critical Paths under _InterruptHandlerHigh in BANK1

    None.

Critical Paths under _main in BANK2

    None.

Critical Paths under _InterruptHandlerHigh in BANK2

    None.

Call Graph Tables:

 ---------------------------------------------------------------------------------
 (Depth) Function   	        Calls       Base Space   Used Autos Params    Refs
 ---------------------------------------------------------------------------------
 (0) _main                                                 0     0      0     198
                             _LEDout
                              _delay
 ---------------------------------------------------------------------------------
 (1) _delay                                                5     3      2      89
                                             14 COMRAM     5     3      2
 ---------------------------------------------------------------------------------
 (1) _LEDout                                               5     3      2     109
                                             14 COMRAM     5     3      2
 ---------------------------------------------------------------------------------
 Estimated maximum stack depth 1
 ---------------------------------------------------------------------------------
 (Depth) Function   	        Calls       Base Space   Used Autos Params    Refs
 ---------------------------------------------------------------------------------
 (2) _InterruptHandlerHigh                                14    14      0       0
                                              0 COMRAM    14    14      0
 ---------------------------------------------------------------------------------
 Estimated maximum stack depth 2
 ---------------------------------------------------------------------------------

 Call Graph Graphs:

 _main (ROOT)
   _LEDout
   _delay

 _InterruptHandlerHigh (ROOT)

 Address spaces:
Name               Size   Autos  Total    Cost      Usage
BIGRAM             2FF      0       0      10        0.0%
EEDATA             100      0       0       0        0.0%
BITBANK2           100      0       0       8        0.0%
BANK2              100      0       0       9        0.0%
BITBANK1           100      0       0       6        0.0%
BANK1              100      0       0       7        0.0%
BITBANK0            A0      0       0       4        0.0%
BANK0               A0      0       0       5        0.0%
BITCOMRAM           5E      0       0       0        0.0%
COMRAM              5E     13      15       1       22.3%
BITSFR               0      0       0      40        0.0%
SFR                  0      0       0      40        0.0%
STACK                0      0       0       2        0.0%
NULL                 0      0       0       0        0.0%
ABS                  0      0      15       3        0.0%
DATA                 0      0      15      11        0.0%
CODE                 0      0       0       0        0.0%


Microchip Technology PIC18 Macro Assembler V1.35 build -356382666 
Symbol Table                                                                                   Fri Feb 02 18:00:54 2018

                           l38 0094                            l706 00B6                            l684 011A  
                          l686 011E                           _LATC 000F8B                           _LATD 000F8C  
                         i2l35 0050                           _main 0090                           fsr0h 000FEA  
                         fsr1h 000FE2                           fsr0l 000FE9                           fsr2h 000FDA  
                         fsr1l 000FE1                           fsr2l 000FD9                           btemp 0016  
                         pclat 000FFA                           prodh 000FF4                           prodl 000FF3  
                         start 008C                   ___param_bank 000010                          ?_main 0001  
                        _TMR0L 000FD6                          _TRISC 000F94                          _TRISD 000F95  
                        _delay 0110                          tablat 000FF5                          status 000FD8  
              __initialization 0134                   __end_of_main 00D0                 __CFG_OSC$IRCIO 000000  
                       ??_main 0014                  __activetblptr 000000                         ?_delay 000F  
               __CFG_WDTEN$OFF 000000                         _LEDout 00D0                         _OSCCON 000FD3  
                       delay@t 000F                         delay@x 0012                         tblptrh 000FF7  
                       tblptrl 000FF6                         tblptru 000FF8                     __accesstop 0060  
      __end_of__initialization 0138                  ___rparam_used 000001                 __pcstackCOMRAM 0001  
                __end_of_delay 0134  __size_of_InterruptHandlerHigh 0084                        ??_delay 0011  
                      ?_LEDout 000F                __size_of_LEDout 0040                        __Hparam 0000  
                      __Lparam 0000                        __pcinit 0134                        __ramtop 0300  
                      __ptext0 0090                        __ptext1 0110                        __ptext2 00D0  
                    _T0CONbits 000FD5           end_of_initialization 0138                   LEDout@number 000F  
               __end_of_LEDout 0110            start_initialization 0134                       ??_LEDout 0011  
 __end_of_InterruptHandlerHigh 008C                    __pbssCOMRAM 0014                      __pintcode 0008  
               __size_of_delay 0024                 _timerOverflows 0014           _InterruptHandlerHigh 0008  
                  _INTCON2bits 000FF1                       __Hrparam 0000                       __Lrparam 0000  
        ?_InterruptHandlerHigh 0001                  __size_of_main 0040                       int$flags 0016  
                   _INTCONbits 000FF2                       intlevel2 0000                     _OSCCONbits 000FD3  
       ??_InterruptHandlerHigh 0001  
