

Microchip Technology PIC18 LITE Macro Assembler V1.35 build -356382666 
                                                                                               Tue Feb 20 09:44:18 2018

Microchip Technology Omniscient Code Generator v1.35 (Free mode) build 201507080246
     1                           	processor	18F4331
     2                           	fnconf	rparam,??,?,0
     3                           	opt	pw 120
     4                           	opt	lm
     5                           	psect	cinit,global,reloc=2,class=CODE,delta=1
     6                           	psect	cstackCOMRAM,global,class=COMRAM,space=1,delta=1
     7                           	psect	text0,global,reloc=2,class=CODE,delta=1
     8                           	psect	text1,global,reloc=2,class=CODE,delta=1
     9                           	psect	text2,global,reloc=2,class=CODE,delta=1
    10                           	psect	intsave_regs,global,class=BIGRAM,space=1,delta=1
    11                           	psect	rparam,global,class=COMRAM,space=1,delta=1
    12  0000                     _LATBbits	set	3978
    13  0000                     _OSCCON	set	4051
    14  0000                     _OSCCONbits	set	4051
    15  0000                     _PDC0H	set	3960
    16  0000                     _PDC0L	set	3961
    17  0000                     _PTCON0	set	3967
    18  0000                     _PTCON1	set	3966
    19  0000                     _PTPERH	set	3962
    20  0000                     _PTPERL	set	3963
    21  0000                     _PWMCON0	set	3951
    22  0000                     _PWMCON1	set	3950
    23  0000                     _TRISBbits	set	3987
    24                           
    25                           ; #config settings
    26  0000                     
    27                           	psect	cinit
    28  001F0E                     __pcinit:
    29                           	opt stack 0
    30  001F0E                     start_initialization:
    31                           	opt stack 0
    32  001F0E                     __initialization:
    33                           	opt stack 0
    34  001F0E                     end_of_initialization:
    35                           	opt stack 0
    36  001F0E                     __end_of__initialization:
    37                           	opt stack 0
    38  001F0E  0100               	movlb	0
    39  001F10  EFB0  F00F         	goto	_main	;jump to C main() function
    40                           
    41                           	psect	cstackCOMRAM
    42  000001                     __pcstackCOMRAM:
    43                           	opt stack 0
    44  000001                     initPWM@ptper:
    45                           	opt stack 0
    46  000001                     angle2PWM@ptmr:
    47                           	opt stack 0
    48                           
    49                           ; 2 bytes @ 0x0
    50  000001                     	ds	2
    51  000003                     ??_angle2PWM:
    52                           
    53                           ; 0 bytes @ 0x2
    54  000003                     	ds	2
    55  000005                     ??_main:
    56                           
    57                           ; 0 bytes @ 0x4
    58  000005                     	ds	3
    59  000008                     main@endAnglePTMR:
    60                           	opt stack 0
    61                           
    62                           ; 2 bytes @ 0x7
    63  000008                     	ds	2
    64  00000A                     main@i:
    65                           	opt stack 0
    66                           
    67                           ; 2 bytes @ 0x9
    68  00000A                     	ds	2
    69  00000C                     main@i_219:
    70                           	opt stack 0
    71                           
    72                           ; 2 bytes @ 0xB
    73  00000C                     	ds	2
    74  00000E                     main@startAnglePTMR:
    75                           	opt stack 0
    76                           
    77                           ; 1 bytes @ 0xD
    78  00000E                     	ds	1
    79                           
    80 ;;
    81 ;;Main: autosize = 0, tempsize = 3, incstack = 0, save=0
    82 ;;
    83 ;; *************** function _main *****************
    84 ;; Defined at:
    85 ;;		line 39 in file "exercise1.c"
    86 ;; Parameters:    Size  Location     Type
    87 ;;		None
    88 ;; Auto vars:     Size  Location     Type
    89 ;;  i               2   11[COMRAM] int 
    90 ;;  i               2    9[COMRAM] int 
    91 ;;  endAnglePTMR    2    7[COMRAM] int 
    92 ;;  startAnglePT    1   13[COMRAM] unsigned char 
    93 ;; Return value:  Size  Location     Type
    94 ;;		None               void
    95 ;; Registers used:
    96 ;;		wreg, status,2, status,0, cstack
    97 ;; Tracked objects:
    98 ;;		On entry : 0/0
    99 ;;		On exit  : 0/0
   100 ;;		Unchanged: 0/0
   101 ;; Data sizes:     COMRAM   BANK0   BANK1   BANK2
   102 ;;      Params:         0       0       0       0
   103 ;;      Locals:         7       0       0       0
   104 ;;      Temps:          3       0       0       0
   105 ;;      Totals:        10       0       0       0
   106 ;;Total ram usage:       10 bytes
   107 ;; Hardware stack levels required when called:    1
   108 ;; This function calls:
   109 ;;		_angle2PWM
   110 ;;		_initPWM
   111 ;; This function is called by:
   112 ;;		Startup code after reset
   113 ;; This function uses a non-reentrant model
   114 ;;
   115                           
   116                           	psect	text0
   117  001F60                     __ptext0:
   118                           	opt stack 0
   119  001F60                     _main:
   120                           	opt stack 30
   121                           
   122                           ;exercise1.c: 41: OSCCON = 0x72;
   123                           
   124                           ;incstack = 0
   125  001F60  0E72               	movlw	114
   126  001F62  6ED3               	movwf	4051,c	;volatile
   127  001F64                     l35:
   128  001F64  A4D3               	btfss	4051,2,c	;volatile
   129  001F66  D7FE               	goto	l35
   130                           
   131                           ;exercise1.c: 46: LATBbits.LATB0 = 0;
   132  001F68  908A               	bcf	3978,0,c	;volatile
   133                           
   134                           ;exercise1.c: 47: TRISBbits.RB0 = 0;
   135  001F6A  9093               	bcf	3987,0,c	;volatile
   136                           
   137                           ;exercise1.c: 50: initPWM();
   138  001F6C  EC8A  F00F         	call	_initPWM	;wreg free
   139                           
   140                           ;exercise1.c: 52: char startAnglePTMR = 62;
   141  001F70  0E3E               	movlw	62
   142  001F72  6E0E               	movwf	main@startAnglePTMR,c
   143                           
   144                           ;exercise1.c: 53: int endAnglePTMR = 262;
   145  001F74  0E01               	movlw	1
   146  001F76  6E09               	movwf	main@endAnglePTMR+1,c
   147  001F78  0E06               	movlw	6
   148  001F7A  6E08               	movwf	main@endAnglePTMR,c
   149  001F7C                     l697:
   150                           
   151                           ;exercise1.c: 59: for (int i = startAnglePTMR; i < endAnglePTMR; i++) {
   152  001F7C  C00E  F00A         	movff	main@startAnglePTMR,main@i
   153  001F80  6A0B               	clrf	main@i+1,c
   154  001F82  D010               	goto	l705
   155  001F84                     l699:
   156                           
   157                           ;exercise1.c: 60: angle2PWM(i);
   158  001F84  C00A  F001         	movff	main@i,angle2PWM@ptmr
   159  001F88  C00B  F002         	movff	main@i+1,angle2PWM@ptmr+1
   160  001F8C  EC9C  F00F         	call	_angle2PWM	;wreg free
   161                           
   162                           ;exercise1.c: 62: _delay((unsigned long)((10)*(8000000/4000.0)));
   163  001F90  0E1A               	movlw	26
   164  001F92  6E05               	movwf	??_main& (0+255),c
   165  001F94  0EF8               	movlw	248
   166  001F96                     u77:
   167  001F96  2EE8               	decfsz	wreg,f,c
   168  001F98  D7FE               	goto	u77
   169  001F9A  2E05               	decfsz	??_main& (0+255),f,c
   170  001F9C  D7FC               	goto	u77
   171  001F9E  D000               	nop2	
   172  001FA0  4A0A               	infsnz	main@i,f,c
   173  001FA2  2A0B               	incf	main@i+1,f,c
   174  001FA4                     l705:
   175  001FA4  5008               	movf	main@endAnglePTMR,w,c
   176  001FA6  5C0A               	subwf	main@i,w,c
   177  001FA8  500B               	movf	main@i+1,w,c
   178  001FAA  0A80               	xorlw	128
   179  001FAC  6E05               	movwf	??_main& (0+255),c
   180  001FAE  5009               	movf	main@endAnglePTMR+1,w,c
   181  001FB0  0A80               	xorlw	128
   182  001FB2  5805               	subwfb	??_main& (0+255),w,c
   183  001FB4  A0D8               	btfss	status,0,c
   184  001FB6  D7E6               	goto	l699
   185                           
   186                           ;exercise1.c: 63: }
   187                           ;exercise1.c: 65: for (int i = endAnglePTMR; i > startAnglePTMR; i--) {
   188  001FB8  C008  F00C         	movff	main@endAnglePTMR,main@i_219
   189  001FBC  C009  F00D         	movff	main@endAnglePTMR+1,main@i_219+1
   190  001FC0  D011               	goto	l713
   191  001FC2                     l707:
   192                           
   193                           ;exercise1.c: 66: angle2PWM(i);
   194  001FC2  C00C  F001         	movff	main@i_219,angle2PWM@ptmr
   195  001FC6  C00D  F002         	movff	main@i_219+1,angle2PWM@ptmr+1
   196  001FCA  EC9C  F00F         	call	_angle2PWM	;wreg free
   197                           
   198                           ;exercise1.c: 68: _delay((unsigned long)((10)*(8000000/4000.0)));
   199  001FCE  0E1A               	movlw	26
   200  001FD0  6E05               	movwf	??_main& (0+255),c
   201  001FD2  0EF8               	movlw	248
   202  001FD4                     u87:
   203  001FD4  2EE8               	decfsz	wreg,f,c
   204  001FD6  D7FE               	goto	u87
   205  001FD8  2E05               	decfsz	??_main& (0+255),f,c
   206  001FDA  D7FC               	goto	u87
   207  001FDC  D000               	nop2	
   208  001FDE  060C               	decf	main@i_219,f,c
   209  001FE0  A0D8               	btfss	status,0,c
   210  001FE2  060D               	decf	main@i_219+1,f,c
   211  001FE4                     l713:
   212  001FE4  500E               	movf	main@startAnglePTMR,w,c
   213  001FE6  6E05               	movwf	??_main& (0+255),c
   214  001FE8  6A06               	clrf	(??_main+1)& (0+255),c
   215  001FEA  500C               	movf	main@i_219,w,c
   216  001FEC  5C05               	subwf	??_main,w,c
   217  001FEE  5006               	movf	??_main+1,w,c
   218  001FF0  0A80               	xorlw	128
   219  001FF2  6E07               	movwf	(??_main+2)& (0+255),c
   220  001FF4  500D               	movf	main@i_219+1,w,c
   221  001FF6  0A80               	xorlw	128
   222  001FF8  5807               	subwfb	(??_main+2)& (0+255),w,c
   223  001FFA  B0D8               	btfsc	status,0,c
   224  001FFC  D7BF               	goto	l697
   225  001FFE  D7E1               	goto	l707
   226  002000                     __end_of_main:
   227                           	opt stack 0
   228                           wreg	equ	0xFE8
   229                           status	equ	0xFD8
   230                           
   231 ;; *************** function _initPWM *****************
   232 ;; Defined at:
   233 ;;		line 8 in file "exercise1.c"
   234 ;; Parameters:    Size  Location     Type
   235 ;;		None
   236 ;; Auto vars:     Size  Location     Type
   237 ;;  ptper           2    0[COMRAM] int 
   238 ;; Return value:  Size  Location     Type
   239 ;;		None               void
   240 ;; Registers used:
   241 ;;		wreg, status,2, status,0
   242 ;; Tracked objects:
   243 ;;		On entry : 0/0
   244 ;;		On exit  : 0/0
   245 ;;		Unchanged: 0/0
   246 ;; Data sizes:     COMRAM   BANK0   BANK1   BANK2
   247 ;;      Params:         0       0       0       0
   248 ;;      Locals:         2       0       0       0
   249 ;;      Temps:          0       0       0       0
   250 ;;      Totals:         2       0       0       0
   251 ;;Total ram usage:        2 bytes
   252 ;; Hardware stack levels used:    1
   253 ;; This function calls:
   254 ;;		Nothing
   255 ;; This function is called by:
   256 ;;		_main
   257 ;; This function uses a non-reentrant model
   258 ;;
   259                           
   260                           	psect	text1
   261  001F14                     __ptext1:
   262                           	opt stack 0
   263  001F14                     _initPWM:
   264                           	opt stack 30
   265                           
   266                           ;exercise1.c: 11: PTCON0 = 0b00001000;
   267                           
   268                           ;incstack = 0
   269  001F14  0E08               	movlw	8
   270  001F16  6E7F               	movwf	3967,c	;volatile
   271                           
   272                           ;exercise1.c: 12: PTCON1 = 0b10000000;
   273  001F18  0E80               	movlw	128
   274  001F1A  6E7E               	movwf	3966,c	;volatile
   275                           
   276                           ;exercise1.c: 15: PWMCON0 = 0b00101111;
   277  001F1C  0E2F               	movlw	47
   278  001F1E  6E6F               	movwf	3951,c	;volatile
   279                           
   280                           ;exercise1.c: 16: PWMCON1 = 0;
   281  001F20  0E00               	movlw	0
   282  001F22  6E6E               	movwf	3950,c	;volatile
   283                           
   284                           ;exercise1.c: 18: int ptper = 0b100111000100;
   285  001F24  0E09               	movlw	9
   286  001F26  6E02               	movwf	initPWM@ptper+1,c
   287  001F28  0EC4               	movlw	196
   288  001F2A  6E01               	movwf	initPWM@ptper,c
   289                           
   290                           ;exercise1.c: 19: PTPERL = ptper & 0b11111111;
   291  001F2C  C001  FF7B         	movff	initPWM@ptper,3963	;volatile
   292                           
   293                           ;exercise1.c: 20: PTPERH = (ptper & 0b111100000000) >> 8;
   294  001F30  5002               	movf	initPWM@ptper+1,w,c
   295  001F32  0B0F               	andlw	15
   296  001F34  6E7A               	movwf	3962,c	;volatile
   297  001F36  0012               	return		;funcret
   298  001F38                     __end_of_initPWM:
   299                           	opt stack 0
   300                           wreg	equ	0xFE8
   301                           status	equ	0xFD8
   302                           
   303 ;; *************** function _angle2PWM *****************
   304 ;; Defined at:
   305 ;;		line 24 in file "exercise1.c"
   306 ;; Parameters:    Size  Location     Type
   307 ;;  ptmr            2    0[COMRAM] int 
   308 ;; Auto vars:     Size  Location     Type
   309 ;;		None
   310 ;; Return value:  Size  Location     Type
   311 ;;		None               void
   312 ;; Registers used:
   313 ;;		wreg, status,2, status,0
   314 ;; Tracked objects:
   315 ;;		On entry : 0/0
   316 ;;		On exit  : 0/0
   317 ;;		Unchanged: 0/0
   318 ;; Data sizes:     COMRAM   BANK0   BANK1   BANK2
   319 ;;      Params:         2       0       0       0
   320 ;;      Locals:         0       0       0       0
   321 ;;      Temps:          2       0       0       0
   322 ;;      Totals:         4       0       0       0
   323 ;;Total ram usage:        4 bytes
   324 ;; Hardware stack levels used:    1
   325 ;; This function calls:
   326 ;;		Nothing
   327 ;; This function is called by:
   328 ;;		_main
   329 ;; This function uses a non-reentrant model
   330 ;;
   331                           
   332                           	psect	text2
   333  001F38                     __ptext2:
   334                           	opt stack 0
   335  001F38                     _angle2PWM:
   336                           	opt stack 30
   337                           
   338                           ;exercise1.c: 31: ptmr = ptmr<<2;
   339                           
   340                           ;incstack = 0
   341  001F38  C001  F003         	movff	angle2PWM@ptmr,??_angle2PWM
   342  001F3C  C002  F004         	movff	angle2PWM@ptmr+1,??_angle2PWM+1
   343  001F40  90D8               	bcf	status,0,c
   344  001F42  3603               	rlcf	??_angle2PWM,f,c
   345  001F44  3604               	rlcf	??_angle2PWM+1,f,c
   346  001F46  90D8               	bcf	status,0,c
   347  001F48  3603               	rlcf	??_angle2PWM,f,c
   348  001F4A  3604               	rlcf	??_angle2PWM+1,f,c
   349  001F4C  C003  F001         	movff	??_angle2PWM,angle2PWM@ptmr
   350  001F50  C004  F002         	movff	??_angle2PWM+1,angle2PWM@ptmr+1
   351                           
   352                           ;exercise1.c: 33: PDC0L = ptmr & 0b11111111;
   353  001F54  C001  FF79         	movff	angle2PWM@ptmr,3961	;volatile
   354                           
   355                           ;exercise1.c: 34: PDC0H = (ptmr & 0b11111100000000) >> 8;
   356  001F58  5002               	movf	angle2PWM@ptmr+1,w,c
   357  001F5A  0B3F               	andlw	63
   358  001F5C  6E78               	movwf	3960,c	;volatile
   359  001F5E  0012               	return		;funcret
   360  001F60                     __end_of_angle2PWM:
   361                           	opt stack 0
   362  0000                     wreg	equ	0xFE8
   363                           status	equ	0xFD8
   364                           wreg	equ	0xFE8
   365                           status	equ	0xFD8
   366                           
   367                           	psect	rparam
   368  0000                     wreg	equ	0xFE8
   369                           status	equ	0xFD8


Data Sizes:
    Strings     0
    Constant    0
    Data        0
    BSS         0
    Persistent  0
    Stack       0

Auto Spaces:
    Space          Size  Autos    Used
    COMRAM           95     14      14
    BANK0           160      0       0
    BANK1           256      0       0
    BANK2           256      0       0

Pointer List with Targets:

    None.

Critical Paths under _main in COMRAM

    _main->_angle2PWM

Critical Paths under _main in BANK0

    None.

Critical Paths under _main in BANK1

    None.

Critical Paths under _main in BANK2

    None.

Call Graph Tables:

 ---------------------------------------------------------------------------------
 (Depth) Function   	        Calls       Base Space   Used Autos Params    Refs
 ---------------------------------------------------------------------------------
 (0) _main                                                10    10      0     365
                                              4 COMRAM    10    10      0
                          _angle2PWM
                            _initPWM
 ---------------------------------------------------------------------------------
 (1) _initPWM                                              2     2      0      30
                                              0 COMRAM     2     2      0
 ---------------------------------------------------------------------------------
 (1) _angle2PWM                                            4     2      2     153
                                              0 COMRAM     4     2      2
 ---------------------------------------------------------------------------------
 Estimated maximum stack depth 1
 ---------------------------------------------------------------------------------

 Call Graph Graphs:

 _main (ROOT)
   _angle2PWM
   _initPWM

 Address spaces:
Name               Size   Autos  Total    Cost      Usage
BITCOMRAM           5F      0       0       0        0.0%
EEDATA             100      0       0       0        0.0%
NULL                 0      0       0       0        0.0%
CODE                 0      0       0       0        0.0%
COMRAM              5F      E       E       1       14.7%
STACK                0      0       0       2        0.0%
ABS                  0      0       0       3        0.0%
BITBANK0            A0      0       0       4        0.0%
BANK0               A0      0       0       5        0.0%
BITBANK1           100      0       0       6        0.0%
BANK1              100      0       0       7        0.0%
BITBANK2           100      0       0       8        0.0%
BANK2              100      0       0       9        0.0%
BIGRAM             2FF      0       0      10        0.0%
DATA                 0      0       0      11        0.0%
BITSFR               0      0       0      40        0.0%
SFR                  0      0       0      40        0.0%


Microchip Technology PIC18 Macro Assembler V1.35 build -356382666 
Symbol Table                                                                                   Tue Feb 20 09:44:18 2018

                     l35 1F64                       u77 1F96                       u87 1FD4  
                    l713 1FE4                      l705 1FA4                      l707 1FC2  
                    l697 1F7C                      l699 1F84                      wreg 000FE8  
                   _main 1F60                     start 0000             ___param_bank 000010  
                  ?_main 0001                    _PDC0H 000F78                    _PDC0L 000F79  
        __end_of_initPWM 1F38                    main@i 000A                    status 000FD8  
        __initialization 1F0E             __end_of_main 2000           __CFG_OSC$IRCIO 000000  
       main@endAnglePTMR 0008                   ??_main 0005            __activetblptr 000000  
         __CFG_WDTEN$OFF 000000                   _OSCCON 000FD3                   _PTCON0 000F7F  
                 _PTCON1 000F7E                   _PTPERH 000F7A                   _PTPERL 000F7B  
              ??_initPWM 0001               __accesstop 0060  __end_of__initialization 1F0E  
          ___rparam_used 000001           __pcstackCOMRAM 0001       __size_of_angle2PWM 0028  
           initPWM@ptper 0001            angle2PWM@ptmr 0001                  _PWMCON0 000F6F  
                _PWMCON1 000F6E        __end_of_angle2PWM 1F60                  __Hparam 0000  
                __Lparam 0000                  __pcinit 1F0E                  __ramtop 0300  
                __ptext0 1F60                  __ptext1 1F14                  __ptext2 1F38  
                _initPWM 1F14     end_of_initialization 1F0E                _TRISBbits 000F93  
     main@startAnglePTMR 000E      start_initialization 1F0E                _angle2PWM 1F38  
               ?_initPWM 0001                 _LATBbits 000F8A               ?_angle2PWM 0001  
              main@i_219 000C                 __Hrparam 0000                 __Lrparam 0000  
       __size_of_initPWM 0024            __size_of_main 00A0              ??_angle2PWM 0003  
             _OSCCONbits 000FD3  
